[2020-02-24T03:55:45.793] [ERROR] ANIME - ReferenceError: catalog is not defined
    at getAnime (D:\anime_site\anime_svr\controller\anime\get.js:72:13)
    at Layer.handle [as handle_request] (D:\anime_site\anime_svr\node_modules\express\lib\router\layer.js:95:5)
    at next (D:\anime_site\anime_svr\node_modules\express\lib\router\route.js:137:13)
    at Route.dispatch (D:\anime_site\anime_svr\node_modules\express\lib\router\route.js:112:3)
    at Layer.handle [as handle_request] (D:\anime_site\anime_svr\node_modules\express\lib\router\layer.js:95:5)
    at D:\anime_site\anime_svr\node_modules\express\lib\router\index.js:281:22
    at Function.process_params (D:\anime_site\anime_svr\node_modules\express\lib\router\index.js:335:12)
    at next (D:\anime_site\anime_svr\node_modules\express\lib\router\index.js:275:10)
    at Function.handle (D:\anime_site\anime_svr\node_modules\express\lib\router\index.js:174:3)
    at router (D:\anime_site\anime_svr\node_modules\express\lib\router\index.js:47:12)
    at Layer.handle [as handle_request] (D:\anime_site\anime_svr\node_modules\express\lib\router\layer.js:95:5)
    at trim_prefix (D:\anime_site\anime_svr\node_modules\express\lib\router\index.js:317:13)
    at D:\anime_site\anime_svr\node_modules\express\lib\router\index.js:284:7
    at Function.process_params (D:\anime_site\anime_svr\node_modules\express\lib\router\index.js:335:12)
    at next (D:\anime_site\anime_svr\node_modules\express\lib\router\index.js:275:10)
    at D:\anime_site\anime_svr\node_modules\express\lib\router\index.js:635:15
    at next (D:\anime_site\anime_svr\node_modules\express\lib\router\index.js:260:14)
    at Function.handle (D:\anime_site\anime_svr\node_modules\express\lib\router\index.js:174:3)
    at router (D:\anime_site\anime_svr\node_modules\express\lib\router\index.js:47:12)
    at Layer.handle [as handle_request] (D:\anime_site\anime_svr\node_modules\express\lib\router\layer.js:95:5)
    at trim_prefix (D:\anime_site\anime_svr\node_modules\express\lib\router\index.js:317:13)
    at D:\anime_site\anime_svr\node_modules\express\lib\router\index.js:284:7
[2020-02-24T03:56:18.426] [ERROR] ANIME - ReferenceError: catalog is not defined
    at getAnime (D:\anime_site\anime_svr\controller\anime\get.js:72:13)
    at Layer.handle [as handle_request] (D:\anime_site\anime_svr\node_modules\express\lib\router\layer.js:95:5)
    at next (D:\anime_site\anime_svr\node_modules\express\lib\router\route.js:137:13)
    at Route.dispatch (D:\anime_site\anime_svr\node_modules\express\lib\router\route.js:112:3)
    at Layer.handle [as handle_request] (D:\anime_site\anime_svr\node_modules\express\lib\router\layer.js:95:5)
    at D:\anime_site\anime_svr\node_modules\express\lib\router\index.js:281:22
    at Function.process_params (D:\anime_site\anime_svr\node_modules\express\lib\router\index.js:335:12)
    at next (D:\anime_site\anime_svr\node_modules\express\lib\router\index.js:275:10)
    at Function.handle (D:\anime_site\anime_svr\node_modules\express\lib\router\index.js:174:3)
    at router (D:\anime_site\anime_svr\node_modules\express\lib\router\index.js:47:12)
    at Layer.handle [as handle_request] (D:\anime_site\anime_svr\node_modules\express\lib\router\layer.js:95:5)
    at trim_prefix (D:\anime_site\anime_svr\node_modules\express\lib\router\index.js:317:13)
    at D:\anime_site\anime_svr\node_modules\express\lib\router\index.js:284:7
    at Function.process_params (D:\anime_site\anime_svr\node_modules\express\lib\router\index.js:335:12)
    at next (D:\anime_site\anime_svr\node_modules\express\lib\router\index.js:275:10)
    at D:\anime_site\anime_svr\node_modules\express\lib\router\index.js:635:15
    at next (D:\anime_site\anime_svr\node_modules\express\lib\router\index.js:260:14)
    at Function.handle (D:\anime_site\anime_svr\node_modules\express\lib\router\index.js:174:3)
    at router (D:\anime_site\anime_svr\node_modules\express\lib\router\index.js:47:12)
    at Layer.handle [as handle_request] (D:\anime_site\anime_svr\node_modules\express\lib\router\layer.js:95:5)
    at trim_prefix (D:\anime_site\anime_svr\node_modules\express\lib\router\index.js:317:13)
    at D:\anime_site\anime_svr\node_modules\express\lib\router\index.js:284:7
[2020-02-24T03:56:34.166] [ERROR] ANIME - ReferenceError: catalog is not defined
    at getAnime (D:\anime_site\anime_svr\controller\anime\get.js:72:13)
    at Layer.handle [as handle_request] (D:\anime_site\anime_svr\node_modules\express\lib\router\layer.js:95:5)
    at next (D:\anime_site\anime_svr\node_modules\express\lib\router\route.js:137:13)
    at Route.dispatch (D:\anime_site\anime_svr\node_modules\express\lib\router\route.js:112:3)
    at Layer.handle [as handle_request] (D:\anime_site\anime_svr\node_modules\express\lib\router\layer.js:95:5)
    at D:\anime_site\anime_svr\node_modules\express\lib\router\index.js:281:22
    at Function.process_params (D:\anime_site\anime_svr\node_modules\express\lib\router\index.js:335:12)
    at next (D:\anime_site\anime_svr\node_modules\express\lib\router\index.js:275:10)
    at Function.handle (D:\anime_site\anime_svr\node_modules\express\lib\router\index.js:174:3)
    at router (D:\anime_site\anime_svr\node_modules\express\lib\router\index.js:47:12)
    at Layer.handle [as handle_request] (D:\anime_site\anime_svr\node_modules\express\lib\router\layer.js:95:5)
    at trim_prefix (D:\anime_site\anime_svr\node_modules\express\lib\router\index.js:317:13)
    at D:\anime_site\anime_svr\node_modules\express\lib\router\index.js:284:7
    at Function.process_params (D:\anime_site\anime_svr\node_modules\express\lib\router\index.js:335:12)
    at next (D:\anime_site\anime_svr\node_modules\express\lib\router\index.js:275:10)
    at D:\anime_site\anime_svr\node_modules\express\lib\router\index.js:635:15
    at next (D:\anime_site\anime_svr\node_modules\express\lib\router\index.js:260:14)
    at Function.handle (D:\anime_site\anime_svr\node_modules\express\lib\router\index.js:174:3)
    at router (D:\anime_site\anime_svr\node_modules\express\lib\router\index.js:47:12)
    at Layer.handle [as handle_request] (D:\anime_site\anime_svr\node_modules\express\lib\router\layer.js:95:5)
    at trim_prefix (D:\anime_site\anime_svr\node_modules\express\lib\router\index.js:317:13)
    at D:\anime_site\anime_svr\node_modules\express\lib\router\index.js:284:7
[2020-02-24T03:56:35.560] [ERROR] ANIME - ReferenceError: catalog is not defined
    at getAnime (D:\anime_site\anime_svr\controller\anime\get.js:72:13)
    at Layer.handle [as handle_request] (D:\anime_site\anime_svr\node_modules\express\lib\router\layer.js:95:5)
    at next (D:\anime_site\anime_svr\node_modules\express\lib\router\route.js:137:13)
    at Route.dispatch (D:\anime_site\anime_svr\node_modules\express\lib\router\route.js:112:3)
    at Layer.handle [as handle_request] (D:\anime_site\anime_svr\node_modules\express\lib\router\layer.js:95:5)
    at D:\anime_site\anime_svr\node_modules\express\lib\router\index.js:281:22
    at Function.process_params (D:\anime_site\anime_svr\node_modules\express\lib\router\index.js:335:12)
    at next (D:\anime_site\anime_svr\node_modules\express\lib\router\index.js:275:10)
    at Function.handle (D:\anime_site\anime_svr\node_modules\express\lib\router\index.js:174:3)
    at router (D:\anime_site\anime_svr\node_modules\express\lib\router\index.js:47:12)
    at Layer.handle [as handle_request] (D:\anime_site\anime_svr\node_modules\express\lib\router\layer.js:95:5)
    at trim_prefix (D:\anime_site\anime_svr\node_modules\express\lib\router\index.js:317:13)
    at D:\anime_site\anime_svr\node_modules\express\lib\router\index.js:284:7
    at Function.process_params (D:\anime_site\anime_svr\node_modules\express\lib\router\index.js:335:12)
    at next (D:\anime_site\anime_svr\node_modules\express\lib\router\index.js:275:10)
    at D:\anime_site\anime_svr\node_modules\express\lib\router\index.js:635:15
    at next (D:\anime_site\anime_svr\node_modules\express\lib\router\index.js:260:14)
    at Function.handle (D:\anime_site\anime_svr\node_modules\express\lib\router\index.js:174:3)
    at router (D:\anime_site\anime_svr\node_modules\express\lib\router\index.js:47:12)
    at Layer.handle [as handle_request] (D:\anime_site\anime_svr\node_modules\express\lib\router\layer.js:95:5)
    at trim_prefix (D:\anime_site\anime_svr\node_modules\express\lib\router\index.js:317:13)
    at D:\anime_site\anime_svr\node_modules\express\lib\router\index.js:284:7
[2020-02-24T03:56:35.801] [ERROR] ANIME - ReferenceError: catalog is not defined
    at getAnime (D:\anime_site\anime_svr\controller\anime\get.js:72:13)
    at Layer.handle [as handle_request] (D:\anime_site\anime_svr\node_modules\express\lib\router\layer.js:95:5)
    at next (D:\anime_site\anime_svr\node_modules\express\lib\router\route.js:137:13)
    at Route.dispatch (D:\anime_site\anime_svr\node_modules\express\lib\router\route.js:112:3)
    at Layer.handle [as handle_request] (D:\anime_site\anime_svr\node_modules\express\lib\router\layer.js:95:5)
    at D:\anime_site\anime_svr\node_modules\express\lib\router\index.js:281:22
    at Function.process_params (D:\anime_site\anime_svr\node_modules\express\lib\router\index.js:335:12)
    at next (D:\anime_site\anime_svr\node_modules\express\lib\router\index.js:275:10)
    at Function.handle (D:\anime_site\anime_svr\node_modules\express\lib\router\index.js:174:3)
    at router (D:\anime_site\anime_svr\node_modules\express\lib\router\index.js:47:12)
    at Layer.handle [as handle_request] (D:\anime_site\anime_svr\node_modules\express\lib\router\layer.js:95:5)
    at trim_prefix (D:\anime_site\anime_svr\node_modules\express\lib\router\index.js:317:13)
    at D:\anime_site\anime_svr\node_modules\express\lib\router\index.js:284:7
    at Function.process_params (D:\anime_site\anime_svr\node_modules\express\lib\router\index.js:335:12)
    at next (D:\anime_site\anime_svr\node_modules\express\lib\router\index.js:275:10)
    at D:\anime_site\anime_svr\node_modules\express\lib\router\index.js:635:15
    at next (D:\anime_site\anime_svr\node_modules\express\lib\router\index.js:260:14)
    at Function.handle (D:\anime_site\anime_svr\node_modules\express\lib\router\index.js:174:3)
    at router (D:\anime_site\anime_svr\node_modules\express\lib\router\index.js:47:12)
    at Layer.handle [as handle_request] (D:\anime_site\anime_svr\node_modules\express\lib\router\layer.js:95:5)
    at trim_prefix (D:\anime_site\anime_svr\node_modules\express\lib\router\index.js:317:13)
    at D:\anime_site\anime_svr\node_modules\express\lib\router\index.js:284:7
[2020-02-24T03:56:36.015] [ERROR] ANIME - ReferenceError: catalog is not defined
    at getAnime (D:\anime_site\anime_svr\controller\anime\get.js:72:13)
    at Layer.handle [as handle_request] (D:\anime_site\anime_svr\node_modules\express\lib\router\layer.js:95:5)
    at next (D:\anime_site\anime_svr\node_modules\express\lib\router\route.js:137:13)
    at Route.dispatch (D:\anime_site\anime_svr\node_modules\express\lib\router\route.js:112:3)
    at Layer.handle [as handle_request] (D:\anime_site\anime_svr\node_modules\express\lib\router\layer.js:95:5)
    at D:\anime_site\anime_svr\node_modules\express\lib\router\index.js:281:22
    at Function.process_params (D:\anime_site\anime_svr\node_modules\express\lib\router\index.js:335:12)
    at next (D:\anime_site\anime_svr\node_modules\express\lib\router\index.js:275:10)
    at Function.handle (D:\anime_site\anime_svr\node_modules\express\lib\router\index.js:174:3)
    at router (D:\anime_site\anime_svr\node_modules\express\lib\router\index.js:47:12)
    at Layer.handle [as handle_request] (D:\anime_site\anime_svr\node_modules\express\lib\router\layer.js:95:5)
    at trim_prefix (D:\anime_site\anime_svr\node_modules\express\lib\router\index.js:317:13)
    at D:\anime_site\anime_svr\node_modules\express\lib\router\index.js:284:7
    at Function.process_params (D:\anime_site\anime_svr\node_modules\express\lib\router\index.js:335:12)
    at next (D:\anime_site\anime_svr\node_modules\express\lib\router\index.js:275:10)
    at D:\anime_site\anime_svr\node_modules\express\lib\router\index.js:635:15
    at next (D:\anime_site\anime_svr\node_modules\express\lib\router\index.js:260:14)
    at Function.handle (D:\anime_site\anime_svr\node_modules\express\lib\router\index.js:174:3)
    at router (D:\anime_site\anime_svr\node_modules\express\lib\router\index.js:47:12)
    at Layer.handle [as handle_request] (D:\anime_site\anime_svr\node_modules\express\lib\router\layer.js:95:5)
    at trim_prefix (D:\anime_site\anime_svr\node_modules\express\lib\router\index.js:317:13)
    at D:\anime_site\anime_svr\node_modules\express\lib\router\index.js:284:7
[2020-02-24T03:56:36.163] [ERROR] ANIME - ReferenceError: catalog is not defined
    at getAnime (D:\anime_site\anime_svr\controller\anime\get.js:72:13)
    at Layer.handle [as handle_request] (D:\anime_site\anime_svr\node_modules\express\lib\router\layer.js:95:5)
    at next (D:\anime_site\anime_svr\node_modules\express\lib\router\route.js:137:13)
    at Route.dispatch (D:\anime_site\anime_svr\node_modules\express\lib\router\route.js:112:3)
    at Layer.handle [as handle_request] (D:\anime_site\anime_svr\node_modules\express\lib\router\layer.js:95:5)
    at D:\anime_site\anime_svr\node_modules\express\lib\router\index.js:281:22
    at Function.process_params (D:\anime_site\anime_svr\node_modules\express\lib\router\index.js:335:12)
    at next (D:\anime_site\anime_svr\node_modules\express\lib\router\index.js:275:10)
    at Function.handle (D:\anime_site\anime_svr\node_modules\express\lib\router\index.js:174:3)
    at router (D:\anime_site\anime_svr\node_modules\express\lib\router\index.js:47:12)
    at Layer.handle [as handle_request] (D:\anime_site\anime_svr\node_modules\express\lib\router\layer.js:95:5)
    at trim_prefix (D:\anime_site\anime_svr\node_modules\express\lib\router\index.js:317:13)
    at D:\anime_site\anime_svr\node_modules\express\lib\router\index.js:284:7
    at Function.process_params (D:\anime_site\anime_svr\node_modules\express\lib\router\index.js:335:12)
    at next (D:\anime_site\anime_svr\node_modules\express\lib\router\index.js:275:10)
    at D:\anime_site\anime_svr\node_modules\express\lib\router\index.js:635:15
    at next (D:\anime_site\anime_svr\node_modules\express\lib\router\index.js:260:14)
    at Function.handle (D:\anime_site\anime_svr\node_modules\express\lib\router\index.js:174:3)
    at router (D:\anime_site\anime_svr\node_modules\express\lib\router\index.js:47:12)
    at Layer.handle [as handle_request] (D:\anime_site\anime_svr\node_modules\express\lib\router\layer.js:95:5)
    at trim_prefix (D:\anime_site\anime_svr\node_modules\express\lib\router\index.js:317:13)
    at D:\anime_site\anime_svr\node_modules\express\lib\router\index.js:284:7
[2020-02-24T03:56:36.393] [ERROR] ANIME - ReferenceError: catalog is not defined
    at getAnime (D:\anime_site\anime_svr\controller\anime\get.js:72:13)
    at Layer.handle [as handle_request] (D:\anime_site\anime_svr\node_modules\express\lib\router\layer.js:95:5)
    at next (D:\anime_site\anime_svr\node_modules\express\lib\router\route.js:137:13)
    at Route.dispatch (D:\anime_site\anime_svr\node_modules\express\lib\router\route.js:112:3)
    at Layer.handle [as handle_request] (D:\anime_site\anime_svr\node_modules\express\lib\router\layer.js:95:5)
    at D:\anime_site\anime_svr\node_modules\express\lib\router\index.js:281:22
    at Function.process_params (D:\anime_site\anime_svr\node_modules\express\lib\router\index.js:335:12)
    at next (D:\anime_site\anime_svr\node_modules\express\lib\router\index.js:275:10)
    at Function.handle (D:\anime_site\anime_svr\node_modules\express\lib\router\index.js:174:3)
    at router (D:\anime_site\anime_svr\node_modules\express\lib\router\index.js:47:12)
    at Layer.handle [as handle_request] (D:\anime_site\anime_svr\node_modules\express\lib\router\layer.js:95:5)
    at trim_prefix (D:\anime_site\anime_svr\node_modules\express\lib\router\index.js:317:13)
    at D:\anime_site\anime_svr\node_modules\express\lib\router\index.js:284:7
    at Function.process_params (D:\anime_site\anime_svr\node_modules\express\lib\router\index.js:335:12)
    at next (D:\anime_site\anime_svr\node_modules\express\lib\router\index.js:275:10)
    at D:\anime_site\anime_svr\node_modules\express\lib\router\index.js:635:15
    at next (D:\anime_site\anime_svr\node_modules\express\lib\router\index.js:260:14)
    at Function.handle (D:\anime_site\anime_svr\node_modules\express\lib\router\index.js:174:3)
    at router (D:\anime_site\anime_svr\node_modules\express\lib\router\index.js:47:12)
    at Layer.handle [as handle_request] (D:\anime_site\anime_svr\node_modules\express\lib\router\layer.js:95:5)
    at trim_prefix (D:\anime_site\anime_svr\node_modules\express\lib\router\index.js:317:13)
    at D:\anime_site\anime_svr\node_modules\express\lib\router\index.js:284:7
[2020-02-24T03:56:36.581] [ERROR] ANIME - ReferenceError: catalog is not defined
    at getAnime (D:\anime_site\anime_svr\controller\anime\get.js:72:13)
    at Layer.handle [as handle_request] (D:\anime_site\anime_svr\node_modules\express\lib\router\layer.js:95:5)
    at next (D:\anime_site\anime_svr\node_modules\express\lib\router\route.js:137:13)
    at Route.dispatch (D:\anime_site\anime_svr\node_modules\express\lib\router\route.js:112:3)
    at Layer.handle [as handle_request] (D:\anime_site\anime_svr\node_modules\express\lib\router\layer.js:95:5)
    at D:\anime_site\anime_svr\node_modules\express\lib\router\index.js:281:22
    at Function.process_params (D:\anime_site\anime_svr\node_modules\express\lib\router\index.js:335:12)
    at next (D:\anime_site\anime_svr\node_modules\express\lib\router\index.js:275:10)
    at Function.handle (D:\anime_site\anime_svr\node_modules\express\lib\router\index.js:174:3)
    at router (D:\anime_site\anime_svr\node_modules\express\lib\router\index.js:47:12)
    at Layer.handle [as handle_request] (D:\anime_site\anime_svr\node_modules\express\lib\router\layer.js:95:5)
    at trim_prefix (D:\anime_site\anime_svr\node_modules\express\lib\router\index.js:317:13)
    at D:\anime_site\anime_svr\node_modules\express\lib\router\index.js:284:7
    at Function.process_params (D:\anime_site\anime_svr\node_modules\express\lib\router\index.js:335:12)
    at next (D:\anime_site\anime_svr\node_modules\express\lib\router\index.js:275:10)
    at D:\anime_site\anime_svr\node_modules\express\lib\router\index.js:635:15
    at next (D:\anime_site\anime_svr\node_modules\express\lib\router\index.js:260:14)
    at Function.handle (D:\anime_site\anime_svr\node_modules\express\lib\router\index.js:174:3)
    at router (D:\anime_site\anime_svr\node_modules\express\lib\router\index.js:47:12)
    at Layer.handle [as handle_request] (D:\anime_site\anime_svr\node_modules\express\lib\router\layer.js:95:5)
    at trim_prefix (D:\anime_site\anime_svr\node_modules\express\lib\router\index.js:317:13)
    at D:\anime_site\anime_svr\node_modules\express\lib\router\index.js:284:7
[2020-02-24T03:57:36.312] [ERROR] ANIME - Error: WHERE parameter "anime" has invalid "undefined" value
    at MySQLQueryGenerator.whereItemQuery (D:\anime_site\anime_svr\node_modules\sequelize\lib\dialects\abstract\query-generator.js:2184:13)
    at D:\anime_site\anime_svr\node_modules\sequelize\lib\dialects\abstract\query-generator.js:2173:25
    at Array.forEach (<anonymous>)
    at MySQLQueryGenerator.whereItemsQuery (D:\anime_site\anime_svr\node_modules\sequelize\lib\dialects\abstract\query-generator.js:2171:35)
    at MySQLQueryGenerator.getWhereConditions (D:\anime_site\anime_svr\node_modules\sequelize\lib\dialects\abstract\query-generator.js:2583:19)
    at MySQLQueryGenerator.selectQuery (D:\anime_site\anime_svr\node_modules\sequelize\lib\dialects\abstract\query-generator.js:1315:28)
    at QueryInterface.select (D:\anime_site\anime_svr\node_modules\sequelize\lib\query-interface.js:1122:27)
    at D:\anime_site\anime_svr\node_modules\sequelize\lib\model.js:1757:34
    at tryCatcher (D:\anime_site\anime_svr\node_modules\bluebird\js\release\util.js:16:23)
    at Promise._settlePromiseFromHandler (D:\anime_site\anime_svr\node_modules\bluebird\js\release\promise.js:547:31)
    at Promise._settlePromise (D:\anime_site\anime_svr\node_modules\bluebird\js\release\promise.js:604:18)
    at Promise._settlePromise0 (D:\anime_site\anime_svr\node_modules\bluebird\js\release\promise.js:649:10)
    at Promise._settlePromises (D:\anime_site\anime_svr\node_modules\bluebird\js\release\promise.js:729:18)
    at _drainQueueStep (D:\anime_site\anime_svr\node_modules\bluebird\js\release\async.js:93:12)
    at _drainQueue (D:\anime_site\anime_svr\node_modules\bluebird\js\release\async.js:86:9)
    at Async._drainQueues (D:\anime_site\anime_svr\node_modules\bluebird\js\release\async.js:102:5)
    at Immediate.Async.drainQueues [as _onImmediate] (D:\anime_site\anime_svr\node_modules\bluebird\js\release\async.js:15:14)
    at processImmediate (internal/timers.js:456:21)
[2020-02-24T03:57:37.260] [ERROR] ANIME - Error: WHERE parameter "anime" has invalid "undefined" value
    at MySQLQueryGenerator.whereItemQuery (D:\anime_site\anime_svr\node_modules\sequelize\lib\dialects\abstract\query-generator.js:2184:13)
    at D:\anime_site\anime_svr\node_modules\sequelize\lib\dialects\abstract\query-generator.js:2173:25
    at Array.forEach (<anonymous>)
    at MySQLQueryGenerator.whereItemsQuery (D:\anime_site\anime_svr\node_modules\sequelize\lib\dialects\abstract\query-generator.js:2171:35)
    at MySQLQueryGenerator.getWhereConditions (D:\anime_site\anime_svr\node_modules\sequelize\lib\dialects\abstract\query-generator.js:2583:19)
    at MySQLQueryGenerator.selectQuery (D:\anime_site\anime_svr\node_modules\sequelize\lib\dialects\abstract\query-generator.js:1315:28)
    at QueryInterface.select (D:\anime_site\anime_svr\node_modules\sequelize\lib\query-interface.js:1122:27)
    at D:\anime_site\anime_svr\node_modules\sequelize\lib\model.js:1757:34
    at tryCatcher (D:\anime_site\anime_svr\node_modules\bluebird\js\release\util.js:16:23)
    at Promise._settlePromiseFromHandler (D:\anime_site\anime_svr\node_modules\bluebird\js\release\promise.js:547:31)
    at Promise._settlePromise (D:\anime_site\anime_svr\node_modules\bluebird\js\release\promise.js:604:18)
    at Promise._settlePromise0 (D:\anime_site\anime_svr\node_modules\bluebird\js\release\promise.js:649:10)
    at Promise._settlePromises (D:\anime_site\anime_svr\node_modules\bluebird\js\release\promise.js:729:18)
    at _drainQueueStep (D:\anime_site\anime_svr\node_modules\bluebird\js\release\async.js:93:12)
    at _drainQueue (D:\anime_site\anime_svr\node_modules\bluebird\js\release\async.js:86:9)
    at Async._drainQueues (D:\anime_site\anime_svr\node_modules\bluebird\js\release\async.js:102:5)
    at Immediate.Async.drainQueues [as _onImmediate] (D:\anime_site\anime_svr\node_modules\bluebird\js\release\async.js:15:14)
    at processImmediate (internal/timers.js:456:21)
[2020-02-24T03:57:37.775] [ERROR] ANIME - Error: WHERE parameter "anime" has invalid "undefined" value
    at MySQLQueryGenerator.whereItemQuery (D:\anime_site\anime_svr\node_modules\sequelize\lib\dialects\abstract\query-generator.js:2184:13)
    at D:\anime_site\anime_svr\node_modules\sequelize\lib\dialects\abstract\query-generator.js:2173:25
    at Array.forEach (<anonymous>)
    at MySQLQueryGenerator.whereItemsQuery (D:\anime_site\anime_svr\node_modules\sequelize\lib\dialects\abstract\query-generator.js:2171:35)
    at MySQLQueryGenerator.getWhereConditions (D:\anime_site\anime_svr\node_modules\sequelize\lib\dialects\abstract\query-generator.js:2583:19)
    at MySQLQueryGenerator.selectQuery (D:\anime_site\anime_svr\node_modules\sequelize\lib\dialects\abstract\query-generator.js:1315:28)
    at QueryInterface.select (D:\anime_site\anime_svr\node_modules\sequelize\lib\query-interface.js:1122:27)
    at D:\anime_site\anime_svr\node_modules\sequelize\lib\model.js:1757:34
    at tryCatcher (D:\anime_site\anime_svr\node_modules\bluebird\js\release\util.js:16:23)
    at Promise._settlePromiseFromHandler (D:\anime_site\anime_svr\node_modules\bluebird\js\release\promise.js:547:31)
    at Promise._settlePromise (D:\anime_site\anime_svr\node_modules\bluebird\js\release\promise.js:604:18)
    at Promise._settlePromise0 (D:\anime_site\anime_svr\node_modules\bluebird\js\release\promise.js:649:10)
    at Promise._settlePromises (D:\anime_site\anime_svr\node_modules\bluebird\js\release\promise.js:729:18)
    at _drainQueueStep (D:\anime_site\anime_svr\node_modules\bluebird\js\release\async.js:93:12)
    at _drainQueue (D:\anime_site\anime_svr\node_modules\bluebird\js\release\async.js:86:9)
    at Async._drainQueues (D:\anime_site\anime_svr\node_modules\bluebird\js\release\async.js:102:5)
    at Immediate.Async.drainQueues [as _onImmediate] (D:\anime_site\anime_svr\node_modules\bluebird\js\release\async.js:15:14)
    at processImmediate (internal/timers.js:456:21)
[2020-02-24T03:57:38.217] [ERROR] ANIME - Error: WHERE parameter "anime" has invalid "undefined" value
    at MySQLQueryGenerator.whereItemQuery (D:\anime_site\anime_svr\node_modules\sequelize\lib\dialects\abstract\query-generator.js:2184:13)
    at D:\anime_site\anime_svr\node_modules\sequelize\lib\dialects\abstract\query-generator.js:2173:25
    at Array.forEach (<anonymous>)
    at MySQLQueryGenerator.whereItemsQuery (D:\anime_site\anime_svr\node_modules\sequelize\lib\dialects\abstract\query-generator.js:2171:35)
    at MySQLQueryGenerator.getWhereConditions (D:\anime_site\anime_svr\node_modules\sequelize\lib\dialects\abstract\query-generator.js:2583:19)
    at MySQLQueryGenerator.selectQuery (D:\anime_site\anime_svr\node_modules\sequelize\lib\dialects\abstract\query-generator.js:1315:28)
    at QueryInterface.select (D:\anime_site\anime_svr\node_modules\sequelize\lib\query-interface.js:1122:27)
    at D:\anime_site\anime_svr\node_modules\sequelize\lib\model.js:1757:34
    at tryCatcher (D:\anime_site\anime_svr\node_modules\bluebird\js\release\util.js:16:23)
    at Promise._settlePromiseFromHandler (D:\anime_site\anime_svr\node_modules\bluebird\js\release\promise.js:547:31)
    at Promise._settlePromise (D:\anime_site\anime_svr\node_modules\bluebird\js\release\promise.js:604:18)
    at Promise._settlePromise0 (D:\anime_site\anime_svr\node_modules\bluebird\js\release\promise.js:649:10)
    at Promise._settlePromises (D:\anime_site\anime_svr\node_modules\bluebird\js\release\promise.js:729:18)
    at _drainQueueStep (D:\anime_site\anime_svr\node_modules\bluebird\js\release\async.js:93:12)
    at _drainQueue (D:\anime_site\anime_svr\node_modules\bluebird\js\release\async.js:86:9)
    at Async._drainQueues (D:\anime_site\anime_svr\node_modules\bluebird\js\release\async.js:102:5)
    at Immediate.Async.drainQueues [as _onImmediate] (D:\anime_site\anime_svr\node_modules\bluebird\js\release\async.js:15:14)
    at processImmediate (internal/timers.js:456:21)
[2020-02-24T03:57:42.196] [ERROR] ANIME - SequelizeDatabaseError: Unknown column 'sycategory.anime' in 'where clause'
    at Query.formatError (D:\anime_site\anime_svr\node_modules\sequelize\lib\dialects\mysql\query.js:244:16)
    at Query.handler [as onResult] (D:\anime_site\anime_svr\node_modules\sequelize\lib\dialects\mysql\query.js:51:23)
    at Query.execute (D:\anime_site\anime_svr\node_modules\mysql2\lib\commands\command.js:30:14)
    at Connection.handlePacket (D:\anime_site\anime_svr\node_modules\mysql2\lib\connection.js:417:32)
    at PacketParser.onPacket (D:\anime_site\anime_svr\node_modules\mysql2\lib\connection.js:75:12)
    at PacketParser.executeStart (D:\anime_site\anime_svr\node_modules\mysql2\lib\packet_parser.js:75:16)
    at Socket.<anonymous> (D:\anime_site\anime_svr\node_modules\mysql2\lib\connection.js:82:25)
    at Socket.emit (events.js:311:20)
    at addChunk (_stream_readable.js:294:12)
    at readableAddChunk (_stream_readable.js:275:11)
    at Socket.Readable.push (_stream_readable.js:209:10)
    at TCP.onStreamRead (internal/stream_base_commons.js:186:23)
[2020-02-24T03:57:43.942] [ERROR] ANIME - SequelizeDatabaseError: Unknown column 'sycategory.anime' in 'where clause'
    at Query.formatError (D:\anime_site\anime_svr\node_modules\sequelize\lib\dialects\mysql\query.js:244:16)
    at Query.handler [as onResult] (D:\anime_site\anime_svr\node_modules\sequelize\lib\dialects\mysql\query.js:51:23)
    at Query.execute (D:\anime_site\anime_svr\node_modules\mysql2\lib\commands\command.js:30:14)
    at Connection.handlePacket (D:\anime_site\anime_svr\node_modules\mysql2\lib\connection.js:417:32)
    at PacketParser.onPacket (D:\anime_site\anime_svr\node_modules\mysql2\lib\connection.js:75:12)
    at PacketParser.executeStart (D:\anime_site\anime_svr\node_modules\mysql2\lib\packet_parser.js:75:16)
    at Socket.<anonymous> (D:\anime_site\anime_svr\node_modules\mysql2\lib\connection.js:82:25)
    at Socket.emit (events.js:311:20)
    at addChunk (_stream_readable.js:294:12)
    at readableAddChunk (_stream_readable.js:275:11)
    at Socket.Readable.push (_stream_readable.js:209:10)
    at TCP.onStreamRead (internal/stream_base_commons.js:186:23)
[2020-02-24T03:57:44.447] [ERROR] ANIME - SequelizeDatabaseError: Unknown column 'sycategory.anime' in 'where clause'
    at Query.formatError (D:\anime_site\anime_svr\node_modules\sequelize\lib\dialects\mysql\query.js:244:16)
    at Query.handler [as onResult] (D:\anime_site\anime_svr\node_modules\sequelize\lib\dialects\mysql\query.js:51:23)
    at Query.execute (D:\anime_site\anime_svr\node_modules\mysql2\lib\commands\command.js:30:14)
    at Connection.handlePacket (D:\anime_site\anime_svr\node_modules\mysql2\lib\connection.js:417:32)
    at PacketParser.onPacket (D:\anime_site\anime_svr\node_modules\mysql2\lib\connection.js:75:12)
    at PacketParser.executeStart (D:\anime_site\anime_svr\node_modules\mysql2\lib\packet_parser.js:75:16)
    at Socket.<anonymous> (D:\anime_site\anime_svr\node_modules\mysql2\lib\connection.js:82:25)
    at Socket.emit (events.js:311:20)
    at addChunk (_stream_readable.js:294:12)
    at readableAddChunk (_stream_readable.js:275:11)
    at Socket.Readable.push (_stream_readable.js:209:10)
    at TCP.onStreamRead (internal/stream_base_commons.js:186:23)
[2020-02-24T03:57:44.782] [ERROR] ANIME - SequelizeDatabaseError: Unknown column 'sycategory.anime' in 'where clause'
    at Query.formatError (D:\anime_site\anime_svr\node_modules\sequelize\lib\dialects\mysql\query.js:244:16)
    at Query.handler [as onResult] (D:\anime_site\anime_svr\node_modules\sequelize\lib\dialects\mysql\query.js:51:23)
    at Query.execute (D:\anime_site\anime_svr\node_modules\mysql2\lib\commands\command.js:30:14)
    at Connection.handlePacket (D:\anime_site\anime_svr\node_modules\mysql2\lib\connection.js:417:32)
    at PacketParser.onPacket (D:\anime_site\anime_svr\node_modules\mysql2\lib\connection.js:75:12)
    at PacketParser.executeStart (D:\anime_site\anime_svr\node_modules\mysql2\lib\packet_parser.js:75:16)
    at Socket.<anonymous> (D:\anime_site\anime_svr\node_modules\mysql2\lib\connection.js:82:25)
    at Socket.emit (events.js:311:20)
    at addChunk (_stream_readable.js:294:12)
    at readableAddChunk (_stream_readable.js:275:11)
    at Socket.Readable.push (_stream_readable.js:209:10)
    at TCP.onStreamRead (internal/stream_base_commons.js:186:23)
[2020-02-24T03:57:45.165] [ERROR] ANIME - SequelizeDatabaseError: Unknown column 'sycategory.anime' in 'where clause'
    at Query.formatError (D:\anime_site\anime_svr\node_modules\sequelize\lib\dialects\mysql\query.js:244:16)
    at Query.handler [as onResult] (D:\anime_site\anime_svr\node_modules\sequelize\lib\dialects\mysql\query.js:51:23)
    at Query.execute (D:\anime_site\anime_svr\node_modules\mysql2\lib\commands\command.js:30:14)
    at Connection.handlePacket (D:\anime_site\anime_svr\node_modules\mysql2\lib\connection.js:417:32)
    at PacketParser.onPacket (D:\anime_site\anime_svr\node_modules\mysql2\lib\connection.js:75:12)
    at PacketParser.executeStart (D:\anime_site\anime_svr\node_modules\mysql2\lib\packet_parser.js:75:16)
    at Socket.<anonymous> (D:\anime_site\anime_svr\node_modules\mysql2\lib\connection.js:82:25)
    at Socket.emit (events.js:311:20)
    at addChunk (_stream_readable.js:294:12)
    at readableAddChunk (_stream_readable.js:275:11)
    at Socket.Readable.push (_stream_readable.js:209:10)
    at TCP.onStreamRead (internal/stream_base_commons.js:186:23)
[2020-02-24T03:58:21.301] [ERROR] ANIME - SequelizeDatabaseError: Unknown column 'sycategory.anime' in 'where clause'
    at Query.formatError (D:\anime_site\anime_svr\node_modules\sequelize\lib\dialects\mysql\query.js:244:16)
    at Query.handler [as onResult] (D:\anime_site\anime_svr\node_modules\sequelize\lib\dialects\mysql\query.js:51:23)
    at Query.execute (D:\anime_site\anime_svr\node_modules\mysql2\lib\commands\command.js:30:14)
    at Connection.handlePacket (D:\anime_site\anime_svr\node_modules\mysql2\lib\connection.js:417:32)
    at PacketParser.onPacket (D:\anime_site\anime_svr\node_modules\mysql2\lib\connection.js:75:12)
    at PacketParser.executeStart (D:\anime_site\anime_svr\node_modules\mysql2\lib\packet_parser.js:75:16)
    at Socket.<anonymous> (D:\anime_site\anime_svr\node_modules\mysql2\lib\connection.js:82:25)
    at Socket.emit (events.js:311:20)
    at addChunk (_stream_readable.js:294:12)
    at readableAddChunk (_stream_readable.js:275:11)
    at Socket.Readable.push (_stream_readable.js:209:10)
    at TCP.onStreamRead (internal/stream_base_commons.js:186:23)
[2020-02-24T03:58:21.945] [ERROR] ANIME - SequelizeDatabaseError: Unknown column 'sycategory.anime' in 'where clause'
    at Query.formatError (D:\anime_site\anime_svr\node_modules\sequelize\lib\dialects\mysql\query.js:244:16)
    at Query.handler [as onResult] (D:\anime_site\anime_svr\node_modules\sequelize\lib\dialects\mysql\query.js:51:23)
    at Query.execute (D:\anime_site\anime_svr\node_modules\mysql2\lib\commands\command.js:30:14)
    at Connection.handlePacket (D:\anime_site\anime_svr\node_modules\mysql2\lib\connection.js:417:32)
    at PacketParser.onPacket (D:\anime_site\anime_svr\node_modules\mysql2\lib\connection.js:75:12)
    at PacketParser.executeStart (D:\anime_site\anime_svr\node_modules\mysql2\lib\packet_parser.js:75:16)
    at Socket.<anonymous> (D:\anime_site\anime_svr\node_modules\mysql2\lib\connection.js:82:25)
    at Socket.emit (events.js:311:20)
    at addChunk (_stream_readable.js:294:12)
    at readableAddChunk (_stream_readable.js:275:11)
    at Socket.Readable.push (_stream_readable.js:209:10)
    at TCP.onStreamRead (internal/stream_base_commons.js:186:23)
[2020-02-24T03:58:31.732] [ERROR] ANIME - SequelizeDatabaseError: Unknown column 'syanime.anime' in 'where clause'
    at Query.formatError (D:\anime_site\anime_svr\node_modules\sequelize\lib\dialects\mysql\query.js:244:16)
    at Query.handler [as onResult] (D:\anime_site\anime_svr\node_modules\sequelize\lib\dialects\mysql\query.js:51:23)
    at Query.execute (D:\anime_site\anime_svr\node_modules\mysql2\lib\commands\command.js:30:14)
    at Connection.handlePacket (D:\anime_site\anime_svr\node_modules\mysql2\lib\connection.js:417:32)
    at PacketParser.onPacket (D:\anime_site\anime_svr\node_modules\mysql2\lib\connection.js:75:12)
    at PacketParser.executeStart (D:\anime_site\anime_svr\node_modules\mysql2\lib\packet_parser.js:75:16)
    at Socket.<anonymous> (D:\anime_site\anime_svr\node_modules\mysql2\lib\connection.js:82:25)
    at Socket.emit (events.js:311:20)
    at addChunk (_stream_readable.js:294:12)
    at readableAddChunk (_stream_readable.js:275:11)
    at Socket.Readable.push (_stream_readable.js:209:10)
    at TCP.onStreamRead (internal/stream_base_commons.js:186:23)
