[2020-02-27T00:30:41.419] [ERROR] ANIME - SequelizeDatabaseError: You have an error in your SQL syntax; check the manual that corresponds to your MySQL server version for the right syntax to use near 'NULL, NULL ORDER BY updateDate ASC' at line 1
    at Query.formatError (D:\anime_site\anime_svr\node_modules\sequelize\lib\dialects\mysql\query.js:244:16)
    at Query.handler [as onResult] (D:\anime_site\anime_svr\node_modules\sequelize\lib\dialects\mysql\query.js:51:23)
    at Query.execute (D:\anime_site\anime_svr\node_modules\mysql2\lib\commands\command.js:30:14)
    at Connection.handlePacket (D:\anime_site\anime_svr\node_modules\mysql2\lib\connection.js:417:32)
    at PacketParser.onPacket (D:\anime_site\anime_svr\node_modules\mysql2\lib\connection.js:75:12)
    at PacketParser.executeStart (D:\anime_site\anime_svr\node_modules\mysql2\lib\packet_parser.js:75:16)
    at Socket.<anonymous> (D:\anime_site\anime_svr\node_modules\mysql2\lib\connection.js:82:25)
    at Socket.emit (events.js:311:20)
    at addChunk (_stream_readable.js:294:12)
    at readableAddChunk (_stream_readable.js:275:11)
    at Socket.Readable.push (_stream_readable.js:209:10)
    at TCP.onStreamRead (internal/stream_base_commons.js:186:23)
[2020-02-27T00:30:44.716] [ERROR] ANIME - SequelizeDatabaseError: You have an error in your SQL syntax; check the manual that corresponds to your MySQL server version for the right syntax to use near 'NULL, NULL ORDER BY updateDate ASC' at line 1
    at Query.formatError (D:\anime_site\anime_svr\node_modules\sequelize\lib\dialects\mysql\query.js:244:16)
    at Query.handler [as onResult] (D:\anime_site\anime_svr\node_modules\sequelize\lib\dialects\mysql\query.js:51:23)
    at Query.execute (D:\anime_site\anime_svr\node_modules\mysql2\lib\commands\command.js:30:14)
    at Connection.handlePacket (D:\anime_site\anime_svr\node_modules\mysql2\lib\connection.js:417:32)
    at PacketParser.onPacket (D:\anime_site\anime_svr\node_modules\mysql2\lib\connection.js:75:12)
    at PacketParser.executeStart (D:\anime_site\anime_svr\node_modules\mysql2\lib\packet_parser.js:75:16)
    at Socket.<anonymous> (D:\anime_site\anime_svr\node_modules\mysql2\lib\connection.js:82:25)
    at Socket.emit (events.js:311:20)
    at addChunk (_stream_readable.js:294:12)
    at readableAddChunk (_stream_readable.js:275:11)
    at Socket.Readable.push (_stream_readable.js:209:10)
    at TCP.onStreamRead (internal/stream_base_commons.js:186:23)
[2020-02-27T00:30:53.558] [ERROR] ANIME - SequelizeDatabaseError: You have an error in your SQL syntax; check the manual that corresponds to your MySQL server version for the right syntax to use near 'NULL, NULL ORDER BY updateDate ASC' at line 1
    at Query.formatError (D:\anime_site\anime_svr\node_modules\sequelize\lib\dialects\mysql\query.js:244:16)
    at Query.handler [as onResult] (D:\anime_site\anime_svr\node_modules\sequelize\lib\dialects\mysql\query.js:51:23)
    at Query.execute (D:\anime_site\anime_svr\node_modules\mysql2\lib\commands\command.js:30:14)
    at Connection.handlePacket (D:\anime_site\anime_svr\node_modules\mysql2\lib\connection.js:417:32)
    at PacketParser.onPacket (D:\anime_site\anime_svr\node_modules\mysql2\lib\connection.js:75:12)
    at PacketParser.executeStart (D:\anime_site\anime_svr\node_modules\mysql2\lib\packet_parser.js:75:16)
    at Socket.<anonymous> (D:\anime_site\anime_svr\node_modules\mysql2\lib\connection.js:82:25)
    at Socket.emit (events.js:311:20)
    at addChunk (_stream_readable.js:294:12)
    at readableAddChunk (_stream_readable.js:275:11)
    at Socket.Readable.push (_stream_readable.js:209:10)
    at TCP.onStreamRead (internal/stream_base_commons.js:186:23)
[2020-02-27T00:31:04.977] [ERROR] ANIME - SequelizeDatabaseError: You have an error in your SQL syntax; check the manual that corresponds to your MySQL server version for the right syntax to use near ''0', '2' ORDER BY updateDate ASC' at line 1
    at Query.formatError (D:\anime_site\anime_svr\node_modules\sequelize\lib\dialects\mysql\query.js:244:16)
    at Query.handler [as onResult] (D:\anime_site\anime_svr\node_modules\sequelize\lib\dialects\mysql\query.js:51:23)
    at Query.execute (D:\anime_site\anime_svr\node_modules\mysql2\lib\commands\command.js:30:14)
    at Connection.handlePacket (D:\anime_site\anime_svr\node_modules\mysql2\lib\connection.js:417:32)
    at PacketParser.onPacket (D:\anime_site\anime_svr\node_modules\mysql2\lib\connection.js:75:12)
    at PacketParser.executeStart (D:\anime_site\anime_svr\node_modules\mysql2\lib\packet_parser.js:75:16)
    at Socket.<anonymous> (D:\anime_site\anime_svr\node_modules\mysql2\lib\connection.js:82:25)
    at Socket.emit (events.js:311:20)
    at addChunk (_stream_readable.js:294:12)
    at readableAddChunk (_stream_readable.js:275:11)
    at Socket.Readable.push (_stream_readable.js:209:10)
    at TCP.onStreamRead (internal/stream_base_commons.js:186:23)
[2020-02-27T00:31:10.677] [ERROR] ANIME - SequelizeDatabaseError: You have an error in your SQL syntax; check the manual that corresponds to your MySQL server version for the right syntax to use near ''0', '2' ORDER BY updateDate ASC' at line 1
    at Query.formatError (D:\anime_site\anime_svr\node_modules\sequelize\lib\dialects\mysql\query.js:244:16)
    at Query.handler [as onResult] (D:\anime_site\anime_svr\node_modules\sequelize\lib\dialects\mysql\query.js:51:23)
    at Query.execute (D:\anime_site\anime_svr\node_modules\mysql2\lib\commands\command.js:30:14)
    at Connection.handlePacket (D:\anime_site\anime_svr\node_modules\mysql2\lib\connection.js:417:32)
    at PacketParser.onPacket (D:\anime_site\anime_svr\node_modules\mysql2\lib\connection.js:75:12)
    at PacketParser.executeStart (D:\anime_site\anime_svr\node_modules\mysql2\lib\packet_parser.js:75:16)
    at Socket.<anonymous> (D:\anime_site\anime_svr\node_modules\mysql2\lib\connection.js:82:25)
    at Socket.emit (events.js:311:20)
    at addChunk (_stream_readable.js:294:12)
    at readableAddChunk (_stream_readable.js:275:11)
    at Socket.Readable.push (_stream_readable.js:209:10)
    at TCP.onStreamRead (internal/stream_base_commons.js:186:23)
[2020-02-27T00:31:11.047] [ERROR] ANIME - SequelizeDatabaseError: You have an error in your SQL syntax; check the manual that corresponds to your MySQL server version for the right syntax to use near ''0', '2' ORDER BY updateDate ASC' at line 1
    at Query.formatError (D:\anime_site\anime_svr\node_modules\sequelize\lib\dialects\mysql\query.js:244:16)
    at Query.handler [as onResult] (D:\anime_site\anime_svr\node_modules\sequelize\lib\dialects\mysql\query.js:51:23)
    at Query.execute (D:\anime_site\anime_svr\node_modules\mysql2\lib\commands\command.js:30:14)
    at Connection.handlePacket (D:\anime_site\anime_svr\node_modules\mysql2\lib\connection.js:417:32)
    at PacketParser.onPacket (D:\anime_site\anime_svr\node_modules\mysql2\lib\connection.js:75:12)
    at PacketParser.executeStart (D:\anime_site\anime_svr\node_modules\mysql2\lib\packet_parser.js:75:16)
    at Socket.<anonymous> (D:\anime_site\anime_svr\node_modules\mysql2\lib\connection.js:82:25)
    at Socket.emit (events.js:311:20)
    at addChunk (_stream_readable.js:294:12)
    at readableAddChunk (_stream_readable.js:275:11)
    at Socket.Readable.push (_stream_readable.js:209:10)
    at TCP.onStreamRead (internal/stream_base_commons.js:186:23)
[2020-02-27T00:31:56.544] [ERROR] ANIME - SequelizeDatabaseError: You have an error in your SQL syntax; check the manual that corresponds to your MySQL server version for the right syntax to use near ''0', '2' ORDER BY updateDate ASC' at line 1
    at Query.formatError (D:\anime_site\anime_svr\node_modules\sequelize\lib\dialects\mysql\query.js:244:16)
    at Query.handler [as onResult] (D:\anime_site\anime_svr\node_modules\sequelize\lib\dialects\mysql\query.js:51:23)
    at Query.execute (D:\anime_site\anime_svr\node_modules\mysql2\lib\commands\command.js:30:14)
    at Connection.handlePacket (D:\anime_site\anime_svr\node_modules\mysql2\lib\connection.js:417:32)
    at PacketParser.onPacket (D:\anime_site\anime_svr\node_modules\mysql2\lib\connection.js:75:12)
    at PacketParser.executeStart (D:\anime_site\anime_svr\node_modules\mysql2\lib\packet_parser.js:75:16)
    at Socket.<anonymous> (D:\anime_site\anime_svr\node_modules\mysql2\lib\connection.js:82:25)
    at Socket.emit (events.js:311:20)
    at addChunk (_stream_readable.js:294:12)
    at readableAddChunk (_stream_readable.js:275:11)
    at Socket.Readable.push (_stream_readable.js:209:10)
    at TCP.onStreamRead (internal/stream_base_commons.js:186:23)
[2020-02-27T00:31:57.600] [ERROR] ANIME - SequelizeDatabaseError: You have an error in your SQL syntax; check the manual that corresponds to your MySQL server version for the right syntax to use near ''0', '2' ORDER BY updateDate ASC' at line 1
    at Query.formatError (D:\anime_site\anime_svr\node_modules\sequelize\lib\dialects\mysql\query.js:244:16)
    at Query.handler [as onResult] (D:\anime_site\anime_svr\node_modules\sequelize\lib\dialects\mysql\query.js:51:23)
    at Query.execute (D:\anime_site\anime_svr\node_modules\mysql2\lib\commands\command.js:30:14)
    at Connection.handlePacket (D:\anime_site\anime_svr\node_modules\mysql2\lib\connection.js:417:32)
    at PacketParser.onPacket (D:\anime_site\anime_svr\node_modules\mysql2\lib\connection.js:75:12)
    at PacketParser.executeStart (D:\anime_site\anime_svr\node_modules\mysql2\lib\packet_parser.js:75:16)
    at Socket.<anonymous> (D:\anime_site\anime_svr\node_modules\mysql2\lib\connection.js:82:25)
    at Socket.emit (events.js:311:20)
    at addChunk (_stream_readable.js:294:12)
    at readableAddChunk (_stream_readable.js:275:11)
    at Socket.Readable.push (_stream_readable.js:209:10)
    at TCP.onStreamRead (internal/stream_base_commons.js:186:23)
[2020-02-27T00:31:57.844] [ERROR] ANIME - SequelizeDatabaseError: You have an error in your SQL syntax; check the manual that corresponds to your MySQL server version for the right syntax to use near ''0', '2' ORDER BY updateDate ASC' at line 1
    at Query.formatError (D:\anime_site\anime_svr\node_modules\sequelize\lib\dialects\mysql\query.js:244:16)
    at Query.handler [as onResult] (D:\anime_site\anime_svr\node_modules\sequelize\lib\dialects\mysql\query.js:51:23)
    at Query.execute (D:\anime_site\anime_svr\node_modules\mysql2\lib\commands\command.js:30:14)
    at Connection.handlePacket (D:\anime_site\anime_svr\node_modules\mysql2\lib\connection.js:417:32)
    at PacketParser.onPacket (D:\anime_site\anime_svr\node_modules\mysql2\lib\connection.js:75:12)
    at PacketParser.executeStart (D:\anime_site\anime_svr\node_modules\mysql2\lib\packet_parser.js:75:16)
    at Socket.<anonymous> (D:\anime_site\anime_svr\node_modules\mysql2\lib\connection.js:82:25)
    at Socket.emit (events.js:311:20)
    at addChunk (_stream_readable.js:294:12)
    at readableAddChunk (_stream_readable.js:275:11)
    at Socket.Readable.push (_stream_readable.js:209:10)
    at TCP.onStreamRead (internal/stream_base_commons.js:186:23)
[2020-02-27T00:31:58.155] [ERROR] ANIME - SequelizeDatabaseError: You have an error in your SQL syntax; check the manual that corresponds to your MySQL server version for the right syntax to use near ''0', '2' ORDER BY updateDate ASC' at line 1
    at Query.formatError (D:\anime_site\anime_svr\node_modules\sequelize\lib\dialects\mysql\query.js:244:16)
    at Query.handler [as onResult] (D:\anime_site\anime_svr\node_modules\sequelize\lib\dialects\mysql\query.js:51:23)
    at Query.execute (D:\anime_site\anime_svr\node_modules\mysql2\lib\commands\command.js:30:14)
    at Connection.handlePacket (D:\anime_site\anime_svr\node_modules\mysql2\lib\connection.js:417:32)
    at PacketParser.onPacket (D:\anime_site\anime_svr\node_modules\mysql2\lib\connection.js:75:12)
    at PacketParser.executeStart (D:\anime_site\anime_svr\node_modules\mysql2\lib\packet_parser.js:75:16)
    at Socket.<anonymous> (D:\anime_site\anime_svr\node_modules\mysql2\lib\connection.js:82:25)
    at Socket.emit (events.js:311:20)
    at addChunk (_stream_readable.js:294:12)
    at readableAddChunk (_stream_readable.js:275:11)
    at Socket.Readable.push (_stream_readable.js:209:10)
    at TCP.onStreamRead (internal/stream_base_commons.js:186:23)
[2020-02-27T00:31:58.234] [ERROR] ANIME - SequelizeDatabaseError: You have an error in your SQL syntax; check the manual that corresponds to your MySQL server version for the right syntax to use near ''0', '2' ORDER BY updateDate ASC' at line 1
    at Query.formatError (D:\anime_site\anime_svr\node_modules\sequelize\lib\dialects\mysql\query.js:244:16)
    at Query.handler [as onResult] (D:\anime_site\anime_svr\node_modules\sequelize\lib\dialects\mysql\query.js:51:23)
    at Query.execute (D:\anime_site\anime_svr\node_modules\mysql2\lib\commands\command.js:30:14)
    at Connection.handlePacket (D:\anime_site\anime_svr\node_modules\mysql2\lib\connection.js:417:32)
    at PacketParser.onPacket (D:\anime_site\anime_svr\node_modules\mysql2\lib\connection.js:75:12)
    at PacketParser.executeStart (D:\anime_site\anime_svr\node_modules\mysql2\lib\packet_parser.js:75:16)
    at Socket.<anonymous> (D:\anime_site\anime_svr\node_modules\mysql2\lib\connection.js:82:25)
    at Socket.emit (events.js:311:20)
    at addChunk (_stream_readable.js:294:12)
    at readableAddChunk (_stream_readable.js:275:11)
    at Socket.Readable.push (_stream_readable.js:209:10)
    at TCP.onStreamRead (internal/stream_base_commons.js:186:23)
[2020-02-27T00:31:58.387] [ERROR] ANIME - SequelizeDatabaseError: You have an error in your SQL syntax; check the manual that corresponds to your MySQL server version for the right syntax to use near ''0', '2' ORDER BY updateDate ASC' at line 1
    at Query.formatError (D:\anime_site\anime_svr\node_modules\sequelize\lib\dialects\mysql\query.js:244:16)
    at Query.handler [as onResult] (D:\anime_site\anime_svr\node_modules\sequelize\lib\dialects\mysql\query.js:51:23)
    at Query.execute (D:\anime_site\anime_svr\node_modules\mysql2\lib\commands\command.js:30:14)
    at Connection.handlePacket (D:\anime_site\anime_svr\node_modules\mysql2\lib\connection.js:417:32)
    at PacketParser.onPacket (D:\anime_site\anime_svr\node_modules\mysql2\lib\connection.js:75:12)
    at PacketParser.executeStart (D:\anime_site\anime_svr\node_modules\mysql2\lib\packet_parser.js:75:16)
    at Socket.<anonymous> (D:\anime_site\anime_svr\node_modules\mysql2\lib\connection.js:82:25)
    at Socket.emit (events.js:311:20)
    at addChunk (_stream_readable.js:294:12)
    at readableAddChunk (_stream_readable.js:275:11)
    at Socket.Readable.push (_stream_readable.js:209:10)
    at TCP.onStreamRead (internal/stream_base_commons.js:186:23)
[2020-02-27T00:31:58.560] [ERROR] ANIME - SequelizeDatabaseError: You have an error in your SQL syntax; check the manual that corresponds to your MySQL server version for the right syntax to use near ''0', '2' ORDER BY updateDate ASC' at line 1
    at Query.formatError (D:\anime_site\anime_svr\node_modules\sequelize\lib\dialects\mysql\query.js:244:16)
    at Query.handler [as onResult] (D:\anime_site\anime_svr\node_modules\sequelize\lib\dialects\mysql\query.js:51:23)
    at Query.execute (D:\anime_site\anime_svr\node_modules\mysql2\lib\commands\command.js:30:14)
    at Connection.handlePacket (D:\anime_site\anime_svr\node_modules\mysql2\lib\connection.js:417:32)
    at PacketParser.onPacket (D:\anime_site\anime_svr\node_modules\mysql2\lib\connection.js:75:12)
    at PacketParser.executeStart (D:\anime_site\anime_svr\node_modules\mysql2\lib\packet_parser.js:75:16)
    at Socket.<anonymous> (D:\anime_site\anime_svr\node_modules\mysql2\lib\connection.js:82:25)
    at Socket.emit (events.js:311:20)
    at addChunk (_stream_readable.js:294:12)
    at readableAddChunk (_stream_readable.js:275:11)
    at Socket.Readable.push (_stream_readable.js:209:10)
    at TCP.onStreamRead (internal/stream_base_commons.js:186:23)
[2020-02-27T00:31:58.769] [ERROR] ANIME - SequelizeDatabaseError: You have an error in your SQL syntax; check the manual that corresponds to your MySQL server version for the right syntax to use near ''0', '2' ORDER BY updateDate ASC' at line 1
    at Query.formatError (D:\anime_site\anime_svr\node_modules\sequelize\lib\dialects\mysql\query.js:244:16)
    at Query.handler [as onResult] (D:\anime_site\anime_svr\node_modules\sequelize\lib\dialects\mysql\query.js:51:23)
    at Query.execute (D:\anime_site\anime_svr\node_modules\mysql2\lib\commands\command.js:30:14)
    at Connection.handlePacket (D:\anime_site\anime_svr\node_modules\mysql2\lib\connection.js:417:32)
    at PacketParser.onPacket (D:\anime_site\anime_svr\node_modules\mysql2\lib\connection.js:75:12)
    at PacketParser.executeStart (D:\anime_site\anime_svr\node_modules\mysql2\lib\packet_parser.js:75:16)
    at Socket.<anonymous> (D:\anime_site\anime_svr\node_modules\mysql2\lib\connection.js:82:25)
    at Socket.emit (events.js:311:20)
    at addChunk (_stream_readable.js:294:12)
    at readableAddChunk (_stream_readable.js:275:11)
    at Socket.Readable.push (_stream_readable.js:209:10)
    at TCP.onStreamRead (internal/stream_base_commons.js:186:23)
[2020-02-27T00:31:59.051] [ERROR] ANIME - SequelizeDatabaseError: You have an error in your SQL syntax; check the manual that corresponds to your MySQL server version for the right syntax to use near ''0', '2' ORDER BY updateDate ASC' at line 1
    at Query.formatError (D:\anime_site\anime_svr\node_modules\sequelize\lib\dialects\mysql\query.js:244:16)
    at Query.handler [as onResult] (D:\anime_site\anime_svr\node_modules\sequelize\lib\dialects\mysql\query.js:51:23)
    at Query.execute (D:\anime_site\anime_svr\node_modules\mysql2\lib\commands\command.js:30:14)
    at Connection.handlePacket (D:\anime_site\anime_svr\node_modules\mysql2\lib\connection.js:417:32)
    at PacketParser.onPacket (D:\anime_site\anime_svr\node_modules\mysql2\lib\connection.js:75:12)
    at PacketParser.executeStart (D:\anime_site\anime_svr\node_modules\mysql2\lib\packet_parser.js:75:16)
    at Socket.<anonymous> (D:\anime_site\anime_svr\node_modules\mysql2\lib\connection.js:82:25)
    at Socket.emit (events.js:311:20)
    at addChunk (_stream_readable.js:294:12)
    at readableAddChunk (_stream_readable.js:275:11)
    at Socket.Readable.push (_stream_readable.js:209:10)
    at TCP.onStreamRead (internal/stream_base_commons.js:186:23)
[2020-02-27T00:31:59.243] [ERROR] ANIME - SequelizeDatabaseError: You have an error in your SQL syntax; check the manual that corresponds to your MySQL server version for the right syntax to use near ''0', '2' ORDER BY updateDate ASC' at line 1
    at Query.formatError (D:\anime_site\anime_svr\node_modules\sequelize\lib\dialects\mysql\query.js:244:16)
    at Query.handler [as onResult] (D:\anime_site\anime_svr\node_modules\sequelize\lib\dialects\mysql\query.js:51:23)
    at Query.execute (D:\anime_site\anime_svr\node_modules\mysql2\lib\commands\command.js:30:14)
    at Connection.handlePacket (D:\anime_site\anime_svr\node_modules\mysql2\lib\connection.js:417:32)
    at PacketParser.onPacket (D:\anime_site\anime_svr\node_modules\mysql2\lib\connection.js:75:12)
    at PacketParser.executeStart (D:\anime_site\anime_svr\node_modules\mysql2\lib\packet_parser.js:75:16)
    at Socket.<anonymous> (D:\anime_site\anime_svr\node_modules\mysql2\lib\connection.js:82:25)
    at Socket.emit (events.js:311:20)
    at addChunk (_stream_readable.js:294:12)
    at readableAddChunk (_stream_readable.js:275:11)
    at Socket.Readable.push (_stream_readable.js:209:10)
    at TCP.onStreamRead (internal/stream_base_commons.js:186:23)
[2020-02-27T00:31:59.414] [ERROR] ANIME - SequelizeDatabaseError: You have an error in your SQL syntax; check the manual that corresponds to your MySQL server version for the right syntax to use near ''0', '2' ORDER BY updateDate ASC' at line 1
    at Query.formatError (D:\anime_site\anime_svr\node_modules\sequelize\lib\dialects\mysql\query.js:244:16)
    at Query.handler [as onResult] (D:\anime_site\anime_svr\node_modules\sequelize\lib\dialects\mysql\query.js:51:23)
    at Query.execute (D:\anime_site\anime_svr\node_modules\mysql2\lib\commands\command.js:30:14)
    at Connection.handlePacket (D:\anime_site\anime_svr\node_modules\mysql2\lib\connection.js:417:32)
    at PacketParser.onPacket (D:\anime_site\anime_svr\node_modules\mysql2\lib\connection.js:75:12)
    at PacketParser.executeStart (D:\anime_site\anime_svr\node_modules\mysql2\lib\packet_parser.js:75:16)
    at Socket.<anonymous> (D:\anime_site\anime_svr\node_modules\mysql2\lib\connection.js:82:25)
    at Socket.emit (events.js:311:20)
    at addChunk (_stream_readable.js:294:12)
    at readableAddChunk (_stream_readable.js:275:11)
    at Socket.Readable.push (_stream_readable.js:209:10)
    at TCP.onStreamRead (internal/stream_base_commons.js:186:23)
[2020-02-27T00:31:59.677] [ERROR] ANIME - SequelizeDatabaseError: You have an error in your SQL syntax; check the manual that corresponds to your MySQL server version for the right syntax to use near ''0', '2' ORDER BY updateDate ASC' at line 1
    at Query.formatError (D:\anime_site\anime_svr\node_modules\sequelize\lib\dialects\mysql\query.js:244:16)
    at Query.handler [as onResult] (D:\anime_site\anime_svr\node_modules\sequelize\lib\dialects\mysql\query.js:51:23)
    at Query.execute (D:\anime_site\anime_svr\node_modules\mysql2\lib\commands\command.js:30:14)
    at Connection.handlePacket (D:\anime_site\anime_svr\node_modules\mysql2\lib\connection.js:417:32)
    at PacketParser.onPacket (D:\anime_site\anime_svr\node_modules\mysql2\lib\connection.js:75:12)
    at PacketParser.executeStart (D:\anime_site\anime_svr\node_modules\mysql2\lib\packet_parser.js:75:16)
    at Socket.<anonymous> (D:\anime_site\anime_svr\node_modules\mysql2\lib\connection.js:82:25)
    at Socket.emit (events.js:311:20)
    at addChunk (_stream_readable.js:294:12)
    at readableAddChunk (_stream_readable.js:275:11)
    at Socket.Readable.push (_stream_readable.js:209:10)
    at TCP.onStreamRead (internal/stream_base_commons.js:186:23)
[2020-02-27T00:31:59.852] [ERROR] ANIME - SequelizeDatabaseError: You have an error in your SQL syntax; check the manual that corresponds to your MySQL server version for the right syntax to use near ''0', '2' ORDER BY updateDate ASC' at line 1
    at Query.formatError (D:\anime_site\anime_svr\node_modules\sequelize\lib\dialects\mysql\query.js:244:16)
    at Query.handler [as onResult] (D:\anime_site\anime_svr\node_modules\sequelize\lib\dialects\mysql\query.js:51:23)
    at Query.execute (D:\anime_site\anime_svr\node_modules\mysql2\lib\commands\command.js:30:14)
    at Connection.handlePacket (D:\anime_site\anime_svr\node_modules\mysql2\lib\connection.js:417:32)
    at PacketParser.onPacket (D:\anime_site\anime_svr\node_modules\mysql2\lib\connection.js:75:12)
    at PacketParser.executeStart (D:\anime_site\anime_svr\node_modules\mysql2\lib\packet_parser.js:75:16)
    at Socket.<anonymous> (D:\anime_site\anime_svr\node_modules\mysql2\lib\connection.js:82:25)
    at Socket.emit (events.js:311:20)
    at addChunk (_stream_readable.js:294:12)
    at readableAddChunk (_stream_readable.js:275:11)
    at Socket.Readable.push (_stream_readable.js:209:10)
    at TCP.onStreamRead (internal/stream_base_commons.js:186:23)
[2020-02-27T00:32:00.026] [ERROR] ANIME - SequelizeDatabaseError: You have an error in your SQL syntax; check the manual that corresponds to your MySQL server version for the right syntax to use near ''0', '2' ORDER BY updateDate ASC' at line 1
    at Query.formatError (D:\anime_site\anime_svr\node_modules\sequelize\lib\dialects\mysql\query.js:244:16)
    at Query.handler [as onResult] (D:\anime_site\anime_svr\node_modules\sequelize\lib\dialects\mysql\query.js:51:23)
    at Query.execute (D:\anime_site\anime_svr\node_modules\mysql2\lib\commands\command.js:30:14)
    at Connection.handlePacket (D:\anime_site\anime_svr\node_modules\mysql2\lib\connection.js:417:32)
    at PacketParser.onPacket (D:\anime_site\anime_svr\node_modules\mysql2\lib\connection.js:75:12)
    at PacketParser.executeStart (D:\anime_site\anime_svr\node_modules\mysql2\lib\packet_parser.js:75:16)
    at Socket.<anonymous> (D:\anime_site\anime_svr\node_modules\mysql2\lib\connection.js:82:25)
    at Socket.emit (events.js:311:20)
    at addChunk (_stream_readable.js:294:12)
    at readableAddChunk (_stream_readable.js:275:11)
    at Socket.Readable.push (_stream_readable.js:209:10)
    at TCP.onStreamRead (internal/stream_base_commons.js:186:23)
[2020-02-27T00:32:00.270] [ERROR] ANIME - SequelizeDatabaseError: You have an error in your SQL syntax; check the manual that corresponds to your MySQL server version for the right syntax to use near ''0', '2' ORDER BY updateDate ASC' at line 1
    at Query.formatError (D:\anime_site\anime_svr\node_modules\sequelize\lib\dialects\mysql\query.js:244:16)
    at Query.handler [as onResult] (D:\anime_site\anime_svr\node_modules\sequelize\lib\dialects\mysql\query.js:51:23)
    at Query.execute (D:\anime_site\anime_svr\node_modules\mysql2\lib\commands\command.js:30:14)
    at Connection.handlePacket (D:\anime_site\anime_svr\node_modules\mysql2\lib\connection.js:417:32)
    at PacketParser.onPacket (D:\anime_site\anime_svr\node_modules\mysql2\lib\connection.js:75:12)
    at PacketParser.executeStart (D:\anime_site\anime_svr\node_modules\mysql2\lib\packet_parser.js:75:16)
    at Socket.<anonymous> (D:\anime_site\anime_svr\node_modules\mysql2\lib\connection.js:82:25)
    at Socket.emit (events.js:311:20)
    at addChunk (_stream_readable.js:294:12)
    at readableAddChunk (_stream_readable.js:275:11)
    at Socket.Readable.push (_stream_readable.js:209:10)
    at TCP.onStreamRead (internal/stream_base_commons.js:186:23)
[2020-02-27T00:32:08.966] [ERROR] ANIME - SequelizeDatabaseError: You have an error in your SQL syntax; check the manual that corresponds to your MySQL server version for the right syntax to use near ''0', '2' ORDER BY updateDate ASC' at line 1
    at Query.formatError (D:\anime_site\anime_svr\node_modules\sequelize\lib\dialects\mysql\query.js:244:16)
    at Query.handler [as onResult] (D:\anime_site\anime_svr\node_modules\sequelize\lib\dialects\mysql\query.js:51:23)
    at Query.execute (D:\anime_site\anime_svr\node_modules\mysql2\lib\commands\command.js:30:14)
    at Connection.handlePacket (D:\anime_site\anime_svr\node_modules\mysql2\lib\connection.js:417:32)
    at PacketParser.onPacket (D:\anime_site\anime_svr\node_modules\mysql2\lib\connection.js:75:12)
    at PacketParser.executeStart (D:\anime_site\anime_svr\node_modules\mysql2\lib\packet_parser.js:75:16)
    at Socket.<anonymous> (D:\anime_site\anime_svr\node_modules\mysql2\lib\connection.js:82:25)
    at Socket.emit (events.js:311:20)
    at addChunk (_stream_readable.js:294:12)
    at readableAddChunk (_stream_readable.js:275:11)
    at Socket.Readable.push (_stream_readable.js:209:10)
    at TCP.onStreamRead (internal/stream_base_commons.js:186:23)
[2020-02-27T00:32:52.500] [ERROR] ANIME - SequelizeDatabaseError: You have an error in your SQL syntax; check the manual that corresponds to your MySQL server version for the right syntax to use near ''0', '2'' at line 1
    at Query.formatError (d:\anime_site\anime_svr\node_modules\sequelize\lib\dialects\mysql\query.js:244:16)
    at Query.handler [as onResult] (d:\anime_site\anime_svr\node_modules\sequelize\lib\dialects\mysql\query.js:51:23)
    at Query.execute (d:\anime_site\anime_svr\node_modules\mysql2\lib\commands\command.js:30:14)
    at Connection.handlePacket (d:\anime_site\anime_svr\node_modules\mysql2\lib\connection.js:417:32)
    at PacketParser.onPacket (d:\anime_site\anime_svr\node_modules\mysql2\lib\connection.js:75:12)
    at PacketParser.executeStart (d:\anime_site\anime_svr\node_modules\mysql2\lib\packet_parser.js:75:16)
    at Socket.<anonymous> (d:\anime_site\anime_svr\node_modules\mysql2\lib\connection.js:82:25)
    at Socket.emit (events.js:311:20)
    at addChunk (_stream_readable.js:294:12)
    at readableAddChunk (_stream_readable.js:275:11)
    at Socket.Readable.push (_stream_readable.js:209:10)
    at TCP.onStreamRead (internal/stream_base_commons.js:186:23)
[2020-02-27T00:32:53.137] [ERROR] ANIME - SequelizeDatabaseError: You have an error in your SQL syntax; check the manual that corresponds to your MySQL server version for the right syntax to use near ''0', '2'' at line 1
    at Query.formatError (d:\anime_site\anime_svr\node_modules\sequelize\lib\dialects\mysql\query.js:244:16)
    at Query.handler [as onResult] (d:\anime_site\anime_svr\node_modules\sequelize\lib\dialects\mysql\query.js:51:23)
    at Query.execute (d:\anime_site\anime_svr\node_modules\mysql2\lib\commands\command.js:30:14)
    at Connection.handlePacket (d:\anime_site\anime_svr\node_modules\mysql2\lib\connection.js:417:32)
    at PacketParser.onPacket (d:\anime_site\anime_svr\node_modules\mysql2\lib\connection.js:75:12)
    at PacketParser.executeStart (d:\anime_site\anime_svr\node_modules\mysql2\lib\packet_parser.js:75:16)
    at Socket.<anonymous> (d:\anime_site\anime_svr\node_modules\mysql2\lib\connection.js:82:25)
    at Socket.emit (events.js:311:20)
    at addChunk (_stream_readable.js:294:12)
    at readableAddChunk (_stream_readable.js:275:11)
    at Socket.Readable.push (_stream_readable.js:209:10)
    at TCP.onStreamRead (internal/stream_base_commons.js:186:23)
[2020-02-27T00:32:53.468] [ERROR] ANIME - SequelizeDatabaseError: You have an error in your SQL syntax; check the manual that corresponds to your MySQL server version for the right syntax to use near ''0', '2'' at line 1
    at Query.formatError (d:\anime_site\anime_svr\node_modules\sequelize\lib\dialects\mysql\query.js:244:16)
    at Query.handler [as onResult] (d:\anime_site\anime_svr\node_modules\sequelize\lib\dialects\mysql\query.js:51:23)
    at Query.execute (d:\anime_site\anime_svr\node_modules\mysql2\lib\commands\command.js:30:14)
    at Connection.handlePacket (d:\anime_site\anime_svr\node_modules\mysql2\lib\connection.js:417:32)
    at PacketParser.onPacket (d:\anime_site\anime_svr\node_modules\mysql2\lib\connection.js:75:12)
    at PacketParser.executeStart (d:\anime_site\anime_svr\node_modules\mysql2\lib\packet_parser.js:75:16)
    at Socket.<anonymous> (d:\anime_site\anime_svr\node_modules\mysql2\lib\connection.js:82:25)
    at Socket.emit (events.js:311:20)
    at addChunk (_stream_readable.js:294:12)
    at readableAddChunk (_stream_readable.js:275:11)
    at Socket.Readable.push (_stream_readable.js:209:10)
    at TCP.onStreamRead (internal/stream_base_commons.js:186:23)
[2020-02-27T00:32:53.718] [ERROR] ANIME - SequelizeDatabaseError: You have an error in your SQL syntax; check the manual that corresponds to your MySQL server version for the right syntax to use near ''0', '2'' at line 1
    at Query.formatError (d:\anime_site\anime_svr\node_modules\sequelize\lib\dialects\mysql\query.js:244:16)
    at Query.handler [as onResult] (d:\anime_site\anime_svr\node_modules\sequelize\lib\dialects\mysql\query.js:51:23)
    at Query.execute (d:\anime_site\anime_svr\node_modules\mysql2\lib\commands\command.js:30:14)
    at Connection.handlePacket (d:\anime_site\anime_svr\node_modules\mysql2\lib\connection.js:417:32)
    at PacketParser.onPacket (d:\anime_site\anime_svr\node_modules\mysql2\lib\connection.js:75:12)
    at PacketParser.executeStart (d:\anime_site\anime_svr\node_modules\mysql2\lib\packet_parser.js:75:16)
    at Socket.<anonymous> (d:\anime_site\anime_svr\node_modules\mysql2\lib\connection.js:82:25)
    at Socket.emit (events.js:311:20)
    at addChunk (_stream_readable.js:294:12)
    at readableAddChunk (_stream_readable.js:275:11)
    at Socket.Readable.push (_stream_readable.js:209:10)
    at TCP.onStreamRead (internal/stream_base_commons.js:186:23)
[2020-02-27T00:32:53.997] [ERROR] ANIME - SequelizeDatabaseError: You have an error in your SQL syntax; check the manual that corresponds to your MySQL server version for the right syntax to use near ''0', '2'' at line 1
    at Query.formatError (d:\anime_site\anime_svr\node_modules\sequelize\lib\dialects\mysql\query.js:244:16)
    at Query.handler [as onResult] (d:\anime_site\anime_svr\node_modules\sequelize\lib\dialects\mysql\query.js:51:23)
    at Query.execute (d:\anime_site\anime_svr\node_modules\mysql2\lib\commands\command.js:30:14)
    at Connection.handlePacket (d:\anime_site\anime_svr\node_modules\mysql2\lib\connection.js:417:32)
    at PacketParser.onPacket (d:\anime_site\anime_svr\node_modules\mysql2\lib\connection.js:75:12)
    at PacketParser.executeStart (d:\anime_site\anime_svr\node_modules\mysql2\lib\packet_parser.js:75:16)
    at Socket.<anonymous> (d:\anime_site\anime_svr\node_modules\mysql2\lib\connection.js:82:25)
    at Socket.emit (events.js:311:20)
    at addChunk (_stream_readable.js:294:12)
    at readableAddChunk (_stream_readable.js:275:11)
    at Socket.Readable.push (_stream_readable.js:209:10)
    at TCP.onStreamRead (internal/stream_base_commons.js:186:23)
[2020-02-27T00:32:54.285] [ERROR] ANIME - SequelizeDatabaseError: You have an error in your SQL syntax; check the manual that corresponds to your MySQL server version for the right syntax to use near ''0', '2'' at line 1
    at Query.formatError (d:\anime_site\anime_svr\node_modules\sequelize\lib\dialects\mysql\query.js:244:16)
    at Query.handler [as onResult] (d:\anime_site\anime_svr\node_modules\sequelize\lib\dialects\mysql\query.js:51:23)
    at Query.execute (d:\anime_site\anime_svr\node_modules\mysql2\lib\commands\command.js:30:14)
    at Connection.handlePacket (d:\anime_site\anime_svr\node_modules\mysql2\lib\connection.js:417:32)
    at PacketParser.onPacket (d:\anime_site\anime_svr\node_modules\mysql2\lib\connection.js:75:12)
    at PacketParser.executeStart (d:\anime_site\anime_svr\node_modules\mysql2\lib\packet_parser.js:75:16)
    at Socket.<anonymous> (d:\anime_site\anime_svr\node_modules\mysql2\lib\connection.js:82:25)
    at Socket.emit (events.js:311:20)
    at addChunk (_stream_readable.js:294:12)
    at readableAddChunk (_stream_readable.js:275:11)
    at Socket.Readable.push (_stream_readable.js:209:10)
    at TCP.onStreamRead (internal/stream_base_commons.js:186:23)
[2020-02-27T00:32:54.578] [ERROR] ANIME - SequelizeDatabaseError: You have an error in your SQL syntax; check the manual that corresponds to your MySQL server version for the right syntax to use near ''0', '2'' at line 1
    at Query.formatError (d:\anime_site\anime_svr\node_modules\sequelize\lib\dialects\mysql\query.js:244:16)
    at Query.handler [as onResult] (d:\anime_site\anime_svr\node_modules\sequelize\lib\dialects\mysql\query.js:51:23)
    at Query.execute (d:\anime_site\anime_svr\node_modules\mysql2\lib\commands\command.js:30:14)
    at Connection.handlePacket (d:\anime_site\anime_svr\node_modules\mysql2\lib\connection.js:417:32)
    at PacketParser.onPacket (d:\anime_site\anime_svr\node_modules\mysql2\lib\connection.js:75:12)
    at PacketParser.executeStart (d:\anime_site\anime_svr\node_modules\mysql2\lib\packet_parser.js:75:16)
    at Socket.<anonymous> (d:\anime_site\anime_svr\node_modules\mysql2\lib\connection.js:82:25)
    at Socket.emit (events.js:311:20)
    at addChunk (_stream_readable.js:294:12)
    at readableAddChunk (_stream_readable.js:275:11)
    at Socket.Readable.push (_stream_readable.js:209:10)
    at TCP.onStreamRead (internal/stream_base_commons.js:186:23)
[2020-02-27T00:32:54.833] [ERROR] ANIME - SequelizeDatabaseError: You have an error in your SQL syntax; check the manual that corresponds to your MySQL server version for the right syntax to use near ''0', '2'' at line 1
    at Query.formatError (d:\anime_site\anime_svr\node_modules\sequelize\lib\dialects\mysql\query.js:244:16)
    at Query.handler [as onResult] (d:\anime_site\anime_svr\node_modules\sequelize\lib\dialects\mysql\query.js:51:23)
    at Query.execute (d:\anime_site\anime_svr\node_modules\mysql2\lib\commands\command.js:30:14)
    at Connection.handlePacket (d:\anime_site\anime_svr\node_modules\mysql2\lib\connection.js:417:32)
    at PacketParser.onPacket (d:\anime_site\anime_svr\node_modules\mysql2\lib\connection.js:75:12)
    at PacketParser.executeStart (d:\anime_site\anime_svr\node_modules\mysql2\lib\packet_parser.js:75:16)
    at Socket.<anonymous> (d:\anime_site\anime_svr\node_modules\mysql2\lib\connection.js:82:25)
    at Socket.emit (events.js:311:20)
    at addChunk (_stream_readable.js:294:12)
    at readableAddChunk (_stream_readable.js:275:11)
    at Socket.Readable.push (_stream_readable.js:209:10)
    at TCP.onStreamRead (internal/stream_base_commons.js:186:23)
[2020-02-27T00:32:55.063] [ERROR] ANIME - SequelizeDatabaseError: You have an error in your SQL syntax; check the manual that corresponds to your MySQL server version for the right syntax to use near ''0', '2'' at line 1
    at Query.formatError (d:\anime_site\anime_svr\node_modules\sequelize\lib\dialects\mysql\query.js:244:16)
    at Query.handler [as onResult] (d:\anime_site\anime_svr\node_modules\sequelize\lib\dialects\mysql\query.js:51:23)
    at Query.execute (d:\anime_site\anime_svr\node_modules\mysql2\lib\commands\command.js:30:14)
    at Connection.handlePacket (d:\anime_site\anime_svr\node_modules\mysql2\lib\connection.js:417:32)
    at PacketParser.onPacket (d:\anime_site\anime_svr\node_modules\mysql2\lib\connection.js:75:12)
    at PacketParser.executeStart (d:\anime_site\anime_svr\node_modules\mysql2\lib\packet_parser.js:75:16)
    at Socket.<anonymous> (d:\anime_site\anime_svr\node_modules\mysql2\lib\connection.js:82:25)
    at Socket.emit (events.js:311:20)
    at addChunk (_stream_readable.js:294:12)
    at readableAddChunk (_stream_readable.js:275:11)
    at Socket.Readable.push (_stream_readable.js:209:10)
    at TCP.onStreamRead (internal/stream_base_commons.js:186:23)
[2020-02-27T00:32:55.288] [ERROR] ANIME - SequelizeDatabaseError: You have an error in your SQL syntax; check the manual that corresponds to your MySQL server version for the right syntax to use near ''0', '2'' at line 1
    at Query.formatError (d:\anime_site\anime_svr\node_modules\sequelize\lib\dialects\mysql\query.js:244:16)
    at Query.handler [as onResult] (d:\anime_site\anime_svr\node_modules\sequelize\lib\dialects\mysql\query.js:51:23)
    at Query.execute (d:\anime_site\anime_svr\node_modules\mysql2\lib\commands\command.js:30:14)
    at Connection.handlePacket (d:\anime_site\anime_svr\node_modules\mysql2\lib\connection.js:417:32)
    at PacketParser.onPacket (d:\anime_site\anime_svr\node_modules\mysql2\lib\connection.js:75:12)
    at PacketParser.executeStart (d:\anime_site\anime_svr\node_modules\mysql2\lib\packet_parser.js:75:16)
    at Socket.<anonymous> (d:\anime_site\anime_svr\node_modules\mysql2\lib\connection.js:82:25)
    at Socket.emit (events.js:311:20)
    at addChunk (_stream_readable.js:294:12)
    at readableAddChunk (_stream_readable.js:275:11)
    at Socket.Readable.push (_stream_readable.js:209:10)
    at TCP.onStreamRead (internal/stream_base_commons.js:186:23)
[2020-02-27T00:32:55.514] [ERROR] ANIME - SequelizeDatabaseError: You have an error in your SQL syntax; check the manual that corresponds to your MySQL server version for the right syntax to use near ''0', '2'' at line 1
    at Query.formatError (d:\anime_site\anime_svr\node_modules\sequelize\lib\dialects\mysql\query.js:244:16)
    at Query.handler [as onResult] (d:\anime_site\anime_svr\node_modules\sequelize\lib\dialects\mysql\query.js:51:23)
    at Query.execute (d:\anime_site\anime_svr\node_modules\mysql2\lib\commands\command.js:30:14)
    at Connection.handlePacket (d:\anime_site\anime_svr\node_modules\mysql2\lib\connection.js:417:32)
    at PacketParser.onPacket (d:\anime_site\anime_svr\node_modules\mysql2\lib\connection.js:75:12)
    at PacketParser.executeStart (d:\anime_site\anime_svr\node_modules\mysql2\lib\packet_parser.js:75:16)
    at Socket.<anonymous> (d:\anime_site\anime_svr\node_modules\mysql2\lib\connection.js:82:25)
    at Socket.emit (events.js:311:20)
    at addChunk (_stream_readable.js:294:12)
    at readableAddChunk (_stream_readable.js:275:11)
    at Socket.Readable.push (_stream_readable.js:209:10)
    at TCP.onStreamRead (internal/stream_base_commons.js:186:23)
[2020-02-27T00:32:55.701] [ERROR] ANIME - SequelizeDatabaseError: You have an error in your SQL syntax; check the manual that corresponds to your MySQL server version for the right syntax to use near ''0', '2'' at line 1
    at Query.formatError (d:\anime_site\anime_svr\node_modules\sequelize\lib\dialects\mysql\query.js:244:16)
    at Query.handler [as onResult] (d:\anime_site\anime_svr\node_modules\sequelize\lib\dialects\mysql\query.js:51:23)
    at Query.execute (d:\anime_site\anime_svr\node_modules\mysql2\lib\commands\command.js:30:14)
    at Connection.handlePacket (d:\anime_site\anime_svr\node_modules\mysql2\lib\connection.js:417:32)
    at PacketParser.onPacket (d:\anime_site\anime_svr\node_modules\mysql2\lib\connection.js:75:12)
    at PacketParser.executeStart (d:\anime_site\anime_svr\node_modules\mysql2\lib\packet_parser.js:75:16)
    at Socket.<anonymous> (d:\anime_site\anime_svr\node_modules\mysql2\lib\connection.js:82:25)
    at Socket.emit (events.js:311:20)
    at addChunk (_stream_readable.js:294:12)
    at readableAddChunk (_stream_readable.js:275:11)
    at Socket.Readable.push (_stream_readable.js:209:10)
    at TCP.onStreamRead (internal/stream_base_commons.js:186:23)
[2020-02-27T00:32:55.861] [ERROR] ANIME - SequelizeDatabaseError: You have an error in your SQL syntax; check the manual that corresponds to your MySQL server version for the right syntax to use near ''0', '2'' at line 1
    at Query.formatError (d:\anime_site\anime_svr\node_modules\sequelize\lib\dialects\mysql\query.js:244:16)
    at Query.handler [as onResult] (d:\anime_site\anime_svr\node_modules\sequelize\lib\dialects\mysql\query.js:51:23)
    at Query.execute (d:\anime_site\anime_svr\node_modules\mysql2\lib\commands\command.js:30:14)
    at Connection.handlePacket (d:\anime_site\anime_svr\node_modules\mysql2\lib\connection.js:417:32)
    at PacketParser.onPacket (d:\anime_site\anime_svr\node_modules\mysql2\lib\connection.js:75:12)
    at PacketParser.executeStart (d:\anime_site\anime_svr\node_modules\mysql2\lib\packet_parser.js:75:16)
    at Socket.<anonymous> (d:\anime_site\anime_svr\node_modules\mysql2\lib\connection.js:82:25)
    at Socket.emit (events.js:311:20)
    at addChunk (_stream_readable.js:294:12)
    at readableAddChunk (_stream_readable.js:275:11)
    at Socket.Readable.push (_stream_readable.js:209:10)
    at TCP.onStreamRead (internal/stream_base_commons.js:186:23)
[2020-02-27T00:32:56.007] [ERROR] ANIME - SequelizeDatabaseError: You have an error in your SQL syntax; check the manual that corresponds to your MySQL server version for the right syntax to use near ''0', '2'' at line 1
    at Query.formatError (d:\anime_site\anime_svr\node_modules\sequelize\lib\dialects\mysql\query.js:244:16)
    at Query.handler [as onResult] (d:\anime_site\anime_svr\node_modules\sequelize\lib\dialects\mysql\query.js:51:23)
    at Query.execute (d:\anime_site\anime_svr\node_modules\mysql2\lib\commands\command.js:30:14)
    at Connection.handlePacket (d:\anime_site\anime_svr\node_modules\mysql2\lib\connection.js:417:32)
    at PacketParser.onPacket (d:\anime_site\anime_svr\node_modules\mysql2\lib\connection.js:75:12)
    at PacketParser.executeStart (d:\anime_site\anime_svr\node_modules\mysql2\lib\packet_parser.js:75:16)
    at Socket.<anonymous> (d:\anime_site\anime_svr\node_modules\mysql2\lib\connection.js:82:25)
    at Socket.emit (events.js:311:20)
    at addChunk (_stream_readable.js:294:12)
    at readableAddChunk (_stream_readable.js:275:11)
    at Socket.Readable.push (_stream_readable.js:209:10)
    at TCP.onStreamRead (internal/stream_base_commons.js:186:23)
[2020-02-27T00:32:56.213] [ERROR] ANIME - SequelizeDatabaseError: You have an error in your SQL syntax; check the manual that corresponds to your MySQL server version for the right syntax to use near ''0', '2'' at line 1
    at Query.formatError (d:\anime_site\anime_svr\node_modules\sequelize\lib\dialects\mysql\query.js:244:16)
    at Query.handler [as onResult] (d:\anime_site\anime_svr\node_modules\sequelize\lib\dialects\mysql\query.js:51:23)
    at Query.execute (d:\anime_site\anime_svr\node_modules\mysql2\lib\commands\command.js:30:14)
    at Connection.handlePacket (d:\anime_site\anime_svr\node_modules\mysql2\lib\connection.js:417:32)
    at PacketParser.onPacket (d:\anime_site\anime_svr\node_modules\mysql2\lib\connection.js:75:12)
    at PacketParser.executeStart (d:\anime_site\anime_svr\node_modules\mysql2\lib\packet_parser.js:75:16)
    at Socket.<anonymous> (d:\anime_site\anime_svr\node_modules\mysql2\lib\connection.js:82:25)
    at Socket.emit (events.js:311:20)
    at addChunk (_stream_readable.js:294:12)
    at readableAddChunk (_stream_readable.js:275:11)
    at Socket.Readable.push (_stream_readable.js:209:10)
    at TCP.onStreamRead (internal/stream_base_commons.js:186:23)
[2020-02-27T00:32:56.414] [ERROR] ANIME - SequelizeDatabaseError: You have an error in your SQL syntax; check the manual that corresponds to your MySQL server version for the right syntax to use near ''0', '2'' at line 1
    at Query.formatError (d:\anime_site\anime_svr\node_modules\sequelize\lib\dialects\mysql\query.js:244:16)
    at Query.handler [as onResult] (d:\anime_site\anime_svr\node_modules\sequelize\lib\dialects\mysql\query.js:51:23)
    at Query.execute (d:\anime_site\anime_svr\node_modules\mysql2\lib\commands\command.js:30:14)
    at Connection.handlePacket (d:\anime_site\anime_svr\node_modules\mysql2\lib\connection.js:417:32)
    at PacketParser.onPacket (d:\anime_site\anime_svr\node_modules\mysql2\lib\connection.js:75:12)
    at PacketParser.executeStart (d:\anime_site\anime_svr\node_modules\mysql2\lib\packet_parser.js:75:16)
    at Socket.<anonymous> (d:\anime_site\anime_svr\node_modules\mysql2\lib\connection.js:82:25)
    at Socket.emit (events.js:311:20)
    at addChunk (_stream_readable.js:294:12)
    at readableAddChunk (_stream_readable.js:275:11)
    at Socket.Readable.push (_stream_readable.js:209:10)
    at TCP.onStreamRead (internal/stream_base_commons.js:186:23)
[2020-02-27T00:32:56.655] [ERROR] ANIME - SequelizeDatabaseError: You have an error in your SQL syntax; check the manual that corresponds to your MySQL server version for the right syntax to use near ''0', '2'' at line 1
    at Query.formatError (d:\anime_site\anime_svr\node_modules\sequelize\lib\dialects\mysql\query.js:244:16)
    at Query.handler [as onResult] (d:\anime_site\anime_svr\node_modules\sequelize\lib\dialects\mysql\query.js:51:23)
    at Query.execute (d:\anime_site\anime_svr\node_modules\mysql2\lib\commands\command.js:30:14)
    at Connection.handlePacket (d:\anime_site\anime_svr\node_modules\mysql2\lib\connection.js:417:32)
    at PacketParser.onPacket (d:\anime_site\anime_svr\node_modules\mysql2\lib\connection.js:75:12)
    at PacketParser.executeStart (d:\anime_site\anime_svr\node_modules\mysql2\lib\packet_parser.js:75:16)
    at Socket.<anonymous> (d:\anime_site\anime_svr\node_modules\mysql2\lib\connection.js:82:25)
    at Socket.emit (events.js:311:20)
    at addChunk (_stream_readable.js:294:12)
    at readableAddChunk (_stream_readable.js:275:11)
    at Socket.Readable.push (_stream_readable.js:209:10)
    at TCP.onStreamRead (internal/stream_base_commons.js:186:23)
[2020-02-27T00:32:56.940] [ERROR] ANIME - SequelizeDatabaseError: You have an error in your SQL syntax; check the manual that corresponds to your MySQL server version for the right syntax to use near ''0', '2'' at line 1
    at Query.formatError (d:\anime_site\anime_svr\node_modules\sequelize\lib\dialects\mysql\query.js:244:16)
    at Query.handler [as onResult] (d:\anime_site\anime_svr\node_modules\sequelize\lib\dialects\mysql\query.js:51:23)
    at Query.execute (d:\anime_site\anime_svr\node_modules\mysql2\lib\commands\command.js:30:14)
    at Connection.handlePacket (d:\anime_site\anime_svr\node_modules\mysql2\lib\connection.js:417:32)
    at PacketParser.onPacket (d:\anime_site\anime_svr\node_modules\mysql2\lib\connection.js:75:12)
    at PacketParser.executeStart (d:\anime_site\anime_svr\node_modules\mysql2\lib\packet_parser.js:75:16)
    at Socket.<anonymous> (d:\anime_site\anime_svr\node_modules\mysql2\lib\connection.js:82:25)
    at Socket.emit (events.js:311:20)
    at addChunk (_stream_readable.js:294:12)
    at readableAddChunk (_stream_readable.js:275:11)
    at Socket.Readable.push (_stream_readable.js:209:10)
    at TCP.onStreamRead (internal/stream_base_commons.js:186:23)
[2020-02-27T00:32:57.181] [ERROR] ANIME - SequelizeDatabaseError: You have an error in your SQL syntax; check the manual that corresponds to your MySQL server version for the right syntax to use near ''0', '2'' at line 1
    at Query.formatError (d:\anime_site\anime_svr\node_modules\sequelize\lib\dialects\mysql\query.js:244:16)
    at Query.handler [as onResult] (d:\anime_site\anime_svr\node_modules\sequelize\lib\dialects\mysql\query.js:51:23)
    at Query.execute (d:\anime_site\anime_svr\node_modules\mysql2\lib\commands\command.js:30:14)
    at Connection.handlePacket (d:\anime_site\anime_svr\node_modules\mysql2\lib\connection.js:417:32)
    at PacketParser.onPacket (d:\anime_site\anime_svr\node_modules\mysql2\lib\connection.js:75:12)
    at PacketParser.executeStart (d:\anime_site\anime_svr\node_modules\mysql2\lib\packet_parser.js:75:16)
    at Socket.<anonymous> (d:\anime_site\anime_svr\node_modules\mysql2\lib\connection.js:82:25)
    at Socket.emit (events.js:311:20)
    at addChunk (_stream_readable.js:294:12)
    at readableAddChunk (_stream_readable.js:275:11)
    at Socket.Readable.push (_stream_readable.js:209:10)
    at TCP.onStreamRead (internal/stream_base_commons.js:186:23)
[2020-02-27T00:32:57.438] [ERROR] ANIME - SequelizeDatabaseError: You have an error in your SQL syntax; check the manual that corresponds to your MySQL server version for the right syntax to use near ''0', '2'' at line 1
    at Query.formatError (d:\anime_site\anime_svr\node_modules\sequelize\lib\dialects\mysql\query.js:244:16)
    at Query.handler [as onResult] (d:\anime_site\anime_svr\node_modules\sequelize\lib\dialects\mysql\query.js:51:23)
    at Query.execute (d:\anime_site\anime_svr\node_modules\mysql2\lib\commands\command.js:30:14)
    at Connection.handlePacket (d:\anime_site\anime_svr\node_modules\mysql2\lib\connection.js:417:32)
    at PacketParser.onPacket (d:\anime_site\anime_svr\node_modules\mysql2\lib\connection.js:75:12)
    at PacketParser.executeStart (d:\anime_site\anime_svr\node_modules\mysql2\lib\packet_parser.js:75:16)
    at Socket.<anonymous> (d:\anime_site\anime_svr\node_modules\mysql2\lib\connection.js:82:25)
    at Socket.emit (events.js:311:20)
    at addChunk (_stream_readable.js:294:12)
    at readableAddChunk (_stream_readable.js:275:11)
    at Socket.Readable.push (_stream_readable.js:209:10)
    at TCP.onStreamRead (internal/stream_base_commons.js:186:23)
[2020-02-27T00:32:57.702] [ERROR] ANIME - SequelizeDatabaseError: You have an error in your SQL syntax; check the manual that corresponds to your MySQL server version for the right syntax to use near ''0', '2'' at line 1
    at Query.formatError (d:\anime_site\anime_svr\node_modules\sequelize\lib\dialects\mysql\query.js:244:16)
    at Query.handler [as onResult] (d:\anime_site\anime_svr\node_modules\sequelize\lib\dialects\mysql\query.js:51:23)
    at Query.execute (d:\anime_site\anime_svr\node_modules\mysql2\lib\commands\command.js:30:14)
    at Connection.handlePacket (d:\anime_site\anime_svr\node_modules\mysql2\lib\connection.js:417:32)
    at PacketParser.onPacket (d:\anime_site\anime_svr\node_modules\mysql2\lib\connection.js:75:12)
    at PacketParser.executeStart (d:\anime_site\anime_svr\node_modules\mysql2\lib\packet_parser.js:75:16)
    at Socket.<anonymous> (d:\anime_site\anime_svr\node_modules\mysql2\lib\connection.js:82:25)
    at Socket.emit (events.js:311:20)
    at addChunk (_stream_readable.js:294:12)
    at readableAddChunk (_stream_readable.js:275:11)
    at Socket.Readable.push (_stream_readable.js:209:10)
    at TCP.onStreamRead (internal/stream_base_commons.js:186:23)
[2020-02-27T00:32:57.999] [ERROR] ANIME - SequelizeDatabaseError: You have an error in your SQL syntax; check the manual that corresponds to your MySQL server version for the right syntax to use near ''0', '2'' at line 1
    at Query.formatError (d:\anime_site\anime_svr\node_modules\sequelize\lib\dialects\mysql\query.js:244:16)
    at Query.handler [as onResult] (d:\anime_site\anime_svr\node_modules\sequelize\lib\dialects\mysql\query.js:51:23)
    at Query.execute (d:\anime_site\anime_svr\node_modules\mysql2\lib\commands\command.js:30:14)
    at Connection.handlePacket (d:\anime_site\anime_svr\node_modules\mysql2\lib\connection.js:417:32)
    at PacketParser.onPacket (d:\anime_site\anime_svr\node_modules\mysql2\lib\connection.js:75:12)
    at PacketParser.executeStart (d:\anime_site\anime_svr\node_modules\mysql2\lib\packet_parser.js:75:16)
    at Socket.<anonymous> (d:\anime_site\anime_svr\node_modules\mysql2\lib\connection.js:82:25)
    at Socket.emit (events.js:311:20)
    at addChunk (_stream_readable.js:294:12)
    at readableAddChunk (_stream_readable.js:275:11)
    at Socket.Readable.push (_stream_readable.js:209:10)
    at TCP.onStreamRead (internal/stream_base_commons.js:186:23)
[2020-02-27T00:33:13.050] [ERROR] ANIME - SequelizeDatabaseError: You have an error in your SQL syntax; check the manual that corresponds to your MySQL server version for the right syntax to use near ''0', '2'' at line 1
    at Query.formatError (d:\anime_site\anime_svr\node_modules\sequelize\lib\dialects\mysql\query.js:244:16)
    at Query.handler [as onResult] (d:\anime_site\anime_svr\node_modules\sequelize\lib\dialects\mysql\query.js:51:23)
    at Query.execute (d:\anime_site\anime_svr\node_modules\mysql2\lib\commands\command.js:30:14)
    at Connection.handlePacket (d:\anime_site\anime_svr\node_modules\mysql2\lib\connection.js:417:32)
    at PacketParser.onPacket (d:\anime_site\anime_svr\node_modules\mysql2\lib\connection.js:75:12)
    at PacketParser.executeStart (d:\anime_site\anime_svr\node_modules\mysql2\lib\packet_parser.js:75:16)
    at Socket.<anonymous> (d:\anime_site\anime_svr\node_modules\mysql2\lib\connection.js:82:25)
    at Socket.emit (events.js:311:20)
    at addChunk (_stream_readable.js:294:12)
    at readableAddChunk (_stream_readable.js:275:11)
    at Socket.Readable.push (_stream_readable.js:209:10)
    at TCP.onStreamRead (internal/stream_base_commons.js:186:23)
[2020-02-27T00:33:13.446] [ERROR] ANIME - SequelizeDatabaseError: You have an error in your SQL syntax; check the manual that corresponds to your MySQL server version for the right syntax to use near ''0', '2'' at line 1
    at Query.formatError (d:\anime_site\anime_svr\node_modules\sequelize\lib\dialects\mysql\query.js:244:16)
    at Query.handler [as onResult] (d:\anime_site\anime_svr\node_modules\sequelize\lib\dialects\mysql\query.js:51:23)
    at Query.execute (d:\anime_site\anime_svr\node_modules\mysql2\lib\commands\command.js:30:14)
    at Connection.handlePacket (d:\anime_site\anime_svr\node_modules\mysql2\lib\connection.js:417:32)
    at PacketParser.onPacket (d:\anime_site\anime_svr\node_modules\mysql2\lib\connection.js:75:12)
    at PacketParser.executeStart (d:\anime_site\anime_svr\node_modules\mysql2\lib\packet_parser.js:75:16)
    at Socket.<anonymous> (d:\anime_site\anime_svr\node_modules\mysql2\lib\connection.js:82:25)
    at Socket.emit (events.js:311:20)
    at addChunk (_stream_readable.js:294:12)
    at readableAddChunk (_stream_readable.js:275:11)
    at Socket.Readable.push (_stream_readable.js:209:10)
    at TCP.onStreamRead (internal/stream_base_commons.js:186:23)
[2020-02-27T00:33:13.672] [ERROR] ANIME - SequelizeDatabaseError: You have an error in your SQL syntax; check the manual that corresponds to your MySQL server version for the right syntax to use near ''0', '2'' at line 1
    at Query.formatError (d:\anime_site\anime_svr\node_modules\sequelize\lib\dialects\mysql\query.js:244:16)
    at Query.handler [as onResult] (d:\anime_site\anime_svr\node_modules\sequelize\lib\dialects\mysql\query.js:51:23)
    at Query.execute (d:\anime_site\anime_svr\node_modules\mysql2\lib\commands\command.js:30:14)
    at Connection.handlePacket (d:\anime_site\anime_svr\node_modules\mysql2\lib\connection.js:417:32)
    at PacketParser.onPacket (d:\anime_site\anime_svr\node_modules\mysql2\lib\connection.js:75:12)
    at PacketParser.executeStart (d:\anime_site\anime_svr\node_modules\mysql2\lib\packet_parser.js:75:16)
    at Socket.<anonymous> (d:\anime_site\anime_svr\node_modules\mysql2\lib\connection.js:82:25)
    at Socket.emit (events.js:311:20)
    at addChunk (_stream_readable.js:294:12)
    at readableAddChunk (_stream_readable.js:275:11)
    at Socket.Readable.push (_stream_readable.js:209:10)
    at TCP.onStreamRead (internal/stream_base_commons.js:186:23)
[2020-02-27T00:33:13.886] [ERROR] ANIME - SequelizeDatabaseError: You have an error in your SQL syntax; check the manual that corresponds to your MySQL server version for the right syntax to use near ''0', '2'' at line 1
    at Query.formatError (d:\anime_site\anime_svr\node_modules\sequelize\lib\dialects\mysql\query.js:244:16)
    at Query.handler [as onResult] (d:\anime_site\anime_svr\node_modules\sequelize\lib\dialects\mysql\query.js:51:23)
    at Query.execute (d:\anime_site\anime_svr\node_modules\mysql2\lib\commands\command.js:30:14)
    at Connection.handlePacket (d:\anime_site\anime_svr\node_modules\mysql2\lib\connection.js:417:32)
    at PacketParser.onPacket (d:\anime_site\anime_svr\node_modules\mysql2\lib\connection.js:75:12)
    at PacketParser.executeStart (d:\anime_site\anime_svr\node_modules\mysql2\lib\packet_parser.js:75:16)
    at Socket.<anonymous> (d:\anime_site\anime_svr\node_modules\mysql2\lib\connection.js:82:25)
    at Socket.emit (events.js:311:20)
    at addChunk (_stream_readable.js:294:12)
    at readableAddChunk (_stream_readable.js:275:11)
    at Socket.Readable.push (_stream_readable.js:209:10)
    at TCP.onStreamRead (internal/stream_base_commons.js:186:23)
[2020-02-27T00:33:14.075] [ERROR] ANIME - SequelizeDatabaseError: You have an error in your SQL syntax; check the manual that corresponds to your MySQL server version for the right syntax to use near ''0', '2'' at line 1
    at Query.formatError (d:\anime_site\anime_svr\node_modules\sequelize\lib\dialects\mysql\query.js:244:16)
    at Query.handler [as onResult] (d:\anime_site\anime_svr\node_modules\sequelize\lib\dialects\mysql\query.js:51:23)
    at Query.execute (d:\anime_site\anime_svr\node_modules\mysql2\lib\commands\command.js:30:14)
    at Connection.handlePacket (d:\anime_site\anime_svr\node_modules\mysql2\lib\connection.js:417:32)
    at PacketParser.onPacket (d:\anime_site\anime_svr\node_modules\mysql2\lib\connection.js:75:12)
    at PacketParser.executeStart (d:\anime_site\anime_svr\node_modules\mysql2\lib\packet_parser.js:75:16)
    at Socket.<anonymous> (d:\anime_site\anime_svr\node_modules\mysql2\lib\connection.js:82:25)
    at Socket.emit (events.js:311:20)
    at addChunk (_stream_readable.js:294:12)
    at readableAddChunk (_stream_readable.js:275:11)
    at Socket.Readable.push (_stream_readable.js:209:10)
    at TCP.onStreamRead (internal/stream_base_commons.js:186:23)
[2020-02-27T00:33:14.259] [ERROR] ANIME - SequelizeDatabaseError: You have an error in your SQL syntax; check the manual that corresponds to your MySQL server version for the right syntax to use near ''0', '2'' at line 1
    at Query.formatError (d:\anime_site\anime_svr\node_modules\sequelize\lib\dialects\mysql\query.js:244:16)
    at Query.handler [as onResult] (d:\anime_site\anime_svr\node_modules\sequelize\lib\dialects\mysql\query.js:51:23)
    at Query.execute (d:\anime_site\anime_svr\node_modules\mysql2\lib\commands\command.js:30:14)
    at Connection.handlePacket (d:\anime_site\anime_svr\node_modules\mysql2\lib\connection.js:417:32)
    at PacketParser.onPacket (d:\anime_site\anime_svr\node_modules\mysql2\lib\connection.js:75:12)
    at PacketParser.executeStart (d:\anime_site\anime_svr\node_modules\mysql2\lib\packet_parser.js:75:16)
    at Socket.<anonymous> (d:\anime_site\anime_svr\node_modules\mysql2\lib\connection.js:82:25)
    at Socket.emit (events.js:311:20)
    at addChunk (_stream_readable.js:294:12)
    at readableAddChunk (_stream_readable.js:275:11)
    at Socket.Readable.push (_stream_readable.js:209:10)
    at TCP.onStreamRead (internal/stream_base_commons.js:186:23)
[2020-02-27T00:33:14.683] [ERROR] ANIME - SequelizeDatabaseError: You have an error in your SQL syntax; check the manual that corresponds to your MySQL server version for the right syntax to use near ''0', '2'' at line 1
    at Query.formatError (d:\anime_site\anime_svr\node_modules\sequelize\lib\dialects\mysql\query.js:244:16)
    at Query.handler [as onResult] (d:\anime_site\anime_svr\node_modules\sequelize\lib\dialects\mysql\query.js:51:23)
    at Query.execute (d:\anime_site\anime_svr\node_modules\mysql2\lib\commands\command.js:30:14)
    at Connection.handlePacket (d:\anime_site\anime_svr\node_modules\mysql2\lib\connection.js:417:32)
    at PacketParser.onPacket (d:\anime_site\anime_svr\node_modules\mysql2\lib\connection.js:75:12)
    at PacketParser.executeStart (d:\anime_site\anime_svr\node_modules\mysql2\lib\packet_parser.js:75:16)
    at Socket.<anonymous> (d:\anime_site\anime_svr\node_modules\mysql2\lib\connection.js:82:25)
    at Socket.emit (events.js:311:20)
    at addChunk (_stream_readable.js:294:12)
    at readableAddChunk (_stream_readable.js:275:11)
    at Socket.Readable.push (_stream_readable.js:209:10)
    at TCP.onStreamRead (internal/stream_base_commons.js:186:23)
[2020-02-27T00:33:14.860] [ERROR] ANIME - SequelizeDatabaseError: You have an error in your SQL syntax; check the manual that corresponds to your MySQL server version for the right syntax to use near ''0', '2'' at line 1
    at Query.formatError (d:\anime_site\anime_svr\node_modules\sequelize\lib\dialects\mysql\query.js:244:16)
    at Query.handler [as onResult] (d:\anime_site\anime_svr\node_modules\sequelize\lib\dialects\mysql\query.js:51:23)
    at Query.execute (d:\anime_site\anime_svr\node_modules\mysql2\lib\commands\command.js:30:14)
    at Connection.handlePacket (d:\anime_site\anime_svr\node_modules\mysql2\lib\connection.js:417:32)
    at PacketParser.onPacket (d:\anime_site\anime_svr\node_modules\mysql2\lib\connection.js:75:12)
    at PacketParser.executeStart (d:\anime_site\anime_svr\node_modules\mysql2\lib\packet_parser.js:75:16)
    at Socket.<anonymous> (d:\anime_site\anime_svr\node_modules\mysql2\lib\connection.js:82:25)
    at Socket.emit (events.js:311:20)
    at addChunk (_stream_readable.js:294:12)
    at readableAddChunk (_stream_readable.js:275:11)
    at Socket.Readable.push (_stream_readable.js:209:10)
    at TCP.onStreamRead (internal/stream_base_commons.js:186:23)
[2020-02-27T00:33:15.069] [ERROR] ANIME - SequelizeDatabaseError: You have an error in your SQL syntax; check the manual that corresponds to your MySQL server version for the right syntax to use near ''0', '2'' at line 1
    at Query.formatError (d:\anime_site\anime_svr\node_modules\sequelize\lib\dialects\mysql\query.js:244:16)
    at Query.handler [as onResult] (d:\anime_site\anime_svr\node_modules\sequelize\lib\dialects\mysql\query.js:51:23)
    at Query.execute (d:\anime_site\anime_svr\node_modules\mysql2\lib\commands\command.js:30:14)
    at Connection.handlePacket (d:\anime_site\anime_svr\node_modules\mysql2\lib\connection.js:417:32)
    at PacketParser.onPacket (d:\anime_site\anime_svr\node_modules\mysql2\lib\connection.js:75:12)
    at PacketParser.executeStart (d:\anime_site\anime_svr\node_modules\mysql2\lib\packet_parser.js:75:16)
    at Socket.<anonymous> (d:\anime_site\anime_svr\node_modules\mysql2\lib\connection.js:82:25)
    at Socket.emit (events.js:311:20)
    at addChunk (_stream_readable.js:294:12)
    at readableAddChunk (_stream_readable.js:275:11)
    at Socket.Readable.push (_stream_readable.js:209:10)
    at TCP.onStreamRead (internal/stream_base_commons.js:186:23)
[2020-02-27T00:33:15.269] [ERROR] ANIME - SequelizeDatabaseError: You have an error in your SQL syntax; check the manual that corresponds to your MySQL server version for the right syntax to use near ''0', '2'' at line 1
    at Query.formatError (d:\anime_site\anime_svr\node_modules\sequelize\lib\dialects\mysql\query.js:244:16)
    at Query.handler [as onResult] (d:\anime_site\anime_svr\node_modules\sequelize\lib\dialects\mysql\query.js:51:23)
    at Query.execute (d:\anime_site\anime_svr\node_modules\mysql2\lib\commands\command.js:30:14)
    at Connection.handlePacket (d:\anime_site\anime_svr\node_modules\mysql2\lib\connection.js:417:32)
    at PacketParser.onPacket (d:\anime_site\anime_svr\node_modules\mysql2\lib\connection.js:75:12)
    at PacketParser.executeStart (d:\anime_site\anime_svr\node_modules\mysql2\lib\packet_parser.js:75:16)
    at Socket.<anonymous> (d:\anime_site\anime_svr\node_modules\mysql2\lib\connection.js:82:25)
    at Socket.emit (events.js:311:20)
    at addChunk (_stream_readable.js:294:12)
    at readableAddChunk (_stream_readable.js:275:11)
    at Socket.Readable.push (_stream_readable.js:209:10)
    at TCP.onStreamRead (internal/stream_base_commons.js:186:23)
[2020-02-27T00:33:59.854] [ERROR] ANIME - SequelizeDatabaseError: You have an error in your SQL syntax; check the manual that corresponds to your MySQL server version for the right syntax to use near ''0', '2'' at line 1
    at Query.formatError (d:\anime_site\anime_svr\node_modules\sequelize\lib\dialects\mysql\query.js:244:16)
    at Query.handler [as onResult] (d:\anime_site\anime_svr\node_modules\sequelize\lib\dialects\mysql\query.js:51:23)
    at Query.execute (d:\anime_site\anime_svr\node_modules\mysql2\lib\commands\command.js:30:14)
    at Connection.handlePacket (d:\anime_site\anime_svr\node_modules\mysql2\lib\connection.js:417:32)
    at PacketParser.onPacket (d:\anime_site\anime_svr\node_modules\mysql2\lib\connection.js:75:12)
    at PacketParser.executeStart (d:\anime_site\anime_svr\node_modules\mysql2\lib\packet_parser.js:75:16)
    at Socket.<anonymous> (d:\anime_site\anime_svr\node_modules\mysql2\lib\connection.js:82:25)
    at Socket.emit (events.js:311:20)
    at addChunk (_stream_readable.js:294:12)
    at readableAddChunk (_stream_readable.js:275:11)
    at Socket.Readable.push (_stream_readable.js:209:10)
    at TCP.onStreamRead (internal/stream_base_commons.js:186:23)
[2020-02-27T00:34:18.155] [ERROR] ANIME - SequelizeDatabaseError: You have an error in your SQL syntax; check the manual that corresponds to your MySQL server version for the right syntax to use near ''0', '2'' at line 1
    at Query.formatError (d:\anime_site\anime_svr\node_modules\sequelize\lib\dialects\mysql\query.js:244:16)
    at Query.handler [as onResult] (d:\anime_site\anime_svr\node_modules\sequelize\lib\dialects\mysql\query.js:51:23)
    at Query.execute (d:\anime_site\anime_svr\node_modules\mysql2\lib\commands\command.js:30:14)
    at Connection.handlePacket (d:\anime_site\anime_svr\node_modules\mysql2\lib\connection.js:417:32)
    at PacketParser.onPacket (d:\anime_site\anime_svr\node_modules\mysql2\lib\connection.js:75:12)
    at PacketParser.executeStart (d:\anime_site\anime_svr\node_modules\mysql2\lib\packet_parser.js:75:16)
    at Socket.<anonymous> (d:\anime_site\anime_svr\node_modules\mysql2\lib\connection.js:82:25)
    at Socket.emit (events.js:311:20)
    at addChunk (_stream_readable.js:294:12)
    at readableAddChunk (_stream_readable.js:275:11)
    at Socket.Readable.push (_stream_readable.js:209:10)
    at TCP.onStreamRead (internal/stream_base_commons.js:186:23)
