[2020-02-23T05:15:46.182] [ERROR] ANIME - ReferenceError: err is not defined
    at getUser (D:\anime_site\anime_svr\controller\user\get.js:28:27)
    at Layer.handle [as handle_request] (D:\anime_site\anime_svr\node_modules\express\lib\router\layer.js:95:5)
    at next (D:\anime_site\anime_svr\node_modules\express\lib\router\route.js:137:13)
    at Route.dispatch (D:\anime_site\anime_svr\node_modules\express\lib\router\route.js:112:3)
    at Layer.handle [as handle_request] (D:\anime_site\anime_svr\node_modules\express\lib\router\layer.js:95:5)
    at D:\anime_site\anime_svr\node_modules\express\lib\router\index.js:281:22
    at Function.process_params (D:\anime_site\anime_svr\node_modules\express\lib\router\index.js:335:12)
    at next (D:\anime_site\anime_svr\node_modules\express\lib\router\index.js:275:10)
    at Function.handle (D:\anime_site\anime_svr\node_modules\express\lib\router\index.js:174:3)
    at router (D:\anime_site\anime_svr\node_modules\express\lib\router\index.js:47:12)
    at Layer.handle [as handle_request] (D:\anime_site\anime_svr\node_modules\express\lib\router\layer.js:95:5)
    at trim_prefix (D:\anime_site\anime_svr\node_modules\express\lib\router\index.js:317:13)
    at D:\anime_site\anime_svr\node_modules\express\lib\router\index.js:284:7
    at Function.process_params (D:\anime_site\anime_svr\node_modules\express\lib\router\index.js:335:12)
    at next (D:\anime_site\anime_svr\node_modules\express\lib\router\index.js:275:10)
    at SendStream.error (D:\anime_site\anime_svr\node_modules\serve-static\index.js:121:7)
    at SendStream.emit (events.js:311:20)
    at SendStream.error (D:\anime_site\anime_svr\node_modules\send\index.js:270:17)
    at SendStream.onStatError (D:\anime_site\anime_svr\node_modules\send\index.js:421:12)
    at next (D:\anime_site\anime_svr\node_modules\send\index.js:735:16)
    at onstat (D:\anime_site\anime_svr\node_modules\send\index.js:724:14)
    at FSReqCallback.oncomplete (fs.js:166:21)
[2020-02-23T05:19:46.209] [ERROR] ANIME - ReferenceError: err is not defined
    at getUser (D:\anime_site\anime_svr\controller\user\get.js:28:23)
    at Layer.handle [as handle_request] (D:\anime_site\anime_svr\node_modules\express\lib\router\layer.js:95:5)
    at next (D:\anime_site\anime_svr\node_modules\express\lib\router\route.js:137:13)
    at Route.dispatch (D:\anime_site\anime_svr\node_modules\express\lib\router\route.js:112:3)
    at Layer.handle [as handle_request] (D:\anime_site\anime_svr\node_modules\express\lib\router\layer.js:95:5)
    at D:\anime_site\anime_svr\node_modules\express\lib\router\index.js:281:22
    at Function.process_params (D:\anime_site\anime_svr\node_modules\express\lib\router\index.js:335:12)
    at next (D:\anime_site\anime_svr\node_modules\express\lib\router\index.js:275:10)
    at Function.handle (D:\anime_site\anime_svr\node_modules\express\lib\router\index.js:174:3)
    at router (D:\anime_site\anime_svr\node_modules\express\lib\router\index.js:47:12)
    at Layer.handle [as handle_request] (D:\anime_site\anime_svr\node_modules\express\lib\router\layer.js:95:5)
    at trim_prefix (D:\anime_site\anime_svr\node_modules\express\lib\router\index.js:317:13)
    at D:\anime_site\anime_svr\node_modules\express\lib\router\index.js:284:7
    at Function.process_params (D:\anime_site\anime_svr\node_modules\express\lib\router\index.js:335:12)
    at next (D:\anime_site\anime_svr\node_modules\express\lib\router\index.js:275:10)
    at SendStream.error (D:\anime_site\anime_svr\node_modules\serve-static\index.js:121:7)
    at SendStream.emit (events.js:311:20)
    at SendStream.error (D:\anime_site\anime_svr\node_modules\send\index.js:270:17)
    at SendStream.onStatError (D:\anime_site\anime_svr\node_modules\send\index.js:421:12)
    at next (D:\anime_site\anime_svr\node_modules\send\index.js:735:16)
    at onstat (D:\anime_site\anime_svr\node_modules\send\index.js:724:14)
    at FSReqCallback.oncomplete (fs.js:166:21)
[2020-02-23T05:20:08.037] [ERROR] ANIME - ReferenceError: err is not defined
    at getUser (D:\anime_site\anime_svr\controller\user\get.js:30:46)
    at Layer.handle [as handle_request] (D:\anime_site\anime_svr\node_modules\express\lib\router\layer.js:95:5)
    at next (D:\anime_site\anime_svr\node_modules\express\lib\router\route.js:137:13)
    at Route.dispatch (D:\anime_site\anime_svr\node_modules\express\lib\router\route.js:112:3)
    at Layer.handle [as handle_request] (D:\anime_site\anime_svr\node_modules\express\lib\router\layer.js:95:5)
    at D:\anime_site\anime_svr\node_modules\express\lib\router\index.js:281:22
    at Function.process_params (D:\anime_site\anime_svr\node_modules\express\lib\router\index.js:335:12)
    at next (D:\anime_site\anime_svr\node_modules\express\lib\router\index.js:275:10)
    at Function.handle (D:\anime_site\anime_svr\node_modules\express\lib\router\index.js:174:3)
    at router (D:\anime_site\anime_svr\node_modules\express\lib\router\index.js:47:12)
    at Layer.handle [as handle_request] (D:\anime_site\anime_svr\node_modules\express\lib\router\layer.js:95:5)
    at trim_prefix (D:\anime_site\anime_svr\node_modules\express\lib\router\index.js:317:13)
    at D:\anime_site\anime_svr\node_modules\express\lib\router\index.js:284:7
    at Function.process_params (D:\anime_site\anime_svr\node_modules\express\lib\router\index.js:335:12)
    at next (D:\anime_site\anime_svr\node_modules\express\lib\router\index.js:275:10)
    at SendStream.error (D:\anime_site\anime_svr\node_modules\serve-static\index.js:121:7)
    at SendStream.emit (events.js:311:20)
    at SendStream.error (D:\anime_site\anime_svr\node_modules\send\index.js:270:17)
    at SendStream.onStatError (D:\anime_site\anime_svr\node_modules\send\index.js:421:12)
    at next (D:\anime_site\anime_svr\node_modules\send\index.js:735:16)
    at onstat (D:\anime_site\anime_svr\node_modules\send\index.js:724:14)
    at FSReqCallback.oncomplete (fs.js:166:21)
[2020-02-23T05:21:10.214] [ERROR] ANIME - ReferenceError: db_hm is not defined
    at getUser (D:\anime_site\anime_svr\controller\user\get.js:13:35)
    at Layer.handle [as handle_request] (D:\anime_site\anime_svr\node_modules\express\lib\router\layer.js:95:5)
    at next (D:\anime_site\anime_svr\node_modules\express\lib\router\route.js:137:13)
    at Route.dispatch (D:\anime_site\anime_svr\node_modules\express\lib\router\route.js:112:3)
    at Layer.handle [as handle_request] (D:\anime_site\anime_svr\node_modules\express\lib\router\layer.js:95:5)
    at D:\anime_site\anime_svr\node_modules\express\lib\router\index.js:281:22
    at Function.process_params (D:\anime_site\anime_svr\node_modules\express\lib\router\index.js:335:12)
    at next (D:\anime_site\anime_svr\node_modules\express\lib\router\index.js:275:10)
    at Function.handle (D:\anime_site\anime_svr\node_modules\express\lib\router\index.js:174:3)
    at router (D:\anime_site\anime_svr\node_modules\express\lib\router\index.js:47:12)
    at Layer.handle [as handle_request] (D:\anime_site\anime_svr\node_modules\express\lib\router\layer.js:95:5)
    at trim_prefix (D:\anime_site\anime_svr\node_modules\express\lib\router\index.js:317:13)
    at D:\anime_site\anime_svr\node_modules\express\lib\router\index.js:284:7
    at Function.process_params (D:\anime_site\anime_svr\node_modules\express\lib\router\index.js:335:12)
    at next (D:\anime_site\anime_svr\node_modules\express\lib\router\index.js:275:10)
    at SendStream.error (D:\anime_site\anime_svr\node_modules\serve-static\index.js:121:7)
    at SendStream.emit (events.js:311:20)
    at SendStream.error (D:\anime_site\anime_svr\node_modules\send\index.js:270:17)
    at SendStream.onStatError (D:\anime_site\anime_svr\node_modules\send\index.js:421:12)
    at next (D:\anime_site\anime_svr\node_modules\send\index.js:735:16)
    at onstat (D:\anime_site\anime_svr\node_modules\send\index.js:724:14)
    at FSReqCallback.oncomplete (fs.js:166:21)
[2020-02-23T05:21:11.893] [ERROR] ANIME - ReferenceError: db_hm is not defined
    at getUser (D:\anime_site\anime_svr\controller\user\get.js:13:35)
    at Layer.handle [as handle_request] (D:\anime_site\anime_svr\node_modules\express\lib\router\layer.js:95:5)
    at next (D:\anime_site\anime_svr\node_modules\express\lib\router\route.js:137:13)
    at Route.dispatch (D:\anime_site\anime_svr\node_modules\express\lib\router\route.js:112:3)
    at Layer.handle [as handle_request] (D:\anime_site\anime_svr\node_modules\express\lib\router\layer.js:95:5)
    at D:\anime_site\anime_svr\node_modules\express\lib\router\index.js:281:22
    at Function.process_params (D:\anime_site\anime_svr\node_modules\express\lib\router\index.js:335:12)
    at next (D:\anime_site\anime_svr\node_modules\express\lib\router\index.js:275:10)
    at Function.handle (D:\anime_site\anime_svr\node_modules\express\lib\router\index.js:174:3)
    at router (D:\anime_site\anime_svr\node_modules\express\lib\router\index.js:47:12)
    at Layer.handle [as handle_request] (D:\anime_site\anime_svr\node_modules\express\lib\router\layer.js:95:5)
    at trim_prefix (D:\anime_site\anime_svr\node_modules\express\lib\router\index.js:317:13)
    at D:\anime_site\anime_svr\node_modules\express\lib\router\index.js:284:7
    at Function.process_params (D:\anime_site\anime_svr\node_modules\express\lib\router\index.js:335:12)
    at next (D:\anime_site\anime_svr\node_modules\express\lib\router\index.js:275:10)
    at SendStream.error (D:\anime_site\anime_svr\node_modules\serve-static\index.js:121:7)
    at SendStream.emit (events.js:311:20)
    at SendStream.error (D:\anime_site\anime_svr\node_modules\send\index.js:270:17)
    at SendStream.onStatError (D:\anime_site\anime_svr\node_modules\send\index.js:421:12)
    at next (D:\anime_site\anime_svr\node_modules\send\index.js:735:16)
    at onstat (D:\anime_site\anime_svr\node_modules\send\index.js:724:14)
    at FSReqCallback.oncomplete (fs.js:166:21)
[2020-02-23T05:21:12.543] [ERROR] ANIME - ReferenceError: db_hm is not defined
    at getUser (D:\anime_site\anime_svr\controller\user\get.js:13:35)
    at Layer.handle [as handle_request] (D:\anime_site\anime_svr\node_modules\express\lib\router\layer.js:95:5)
    at next (D:\anime_site\anime_svr\node_modules\express\lib\router\route.js:137:13)
    at Route.dispatch (D:\anime_site\anime_svr\node_modules\express\lib\router\route.js:112:3)
    at Layer.handle [as handle_request] (D:\anime_site\anime_svr\node_modules\express\lib\router\layer.js:95:5)
    at D:\anime_site\anime_svr\node_modules\express\lib\router\index.js:281:22
    at Function.process_params (D:\anime_site\anime_svr\node_modules\express\lib\router\index.js:335:12)
    at next (D:\anime_site\anime_svr\node_modules\express\lib\router\index.js:275:10)
    at Function.handle (D:\anime_site\anime_svr\node_modules\express\lib\router\index.js:174:3)
    at router (D:\anime_site\anime_svr\node_modules\express\lib\router\index.js:47:12)
    at Layer.handle [as handle_request] (D:\anime_site\anime_svr\node_modules\express\lib\router\layer.js:95:5)
    at trim_prefix (D:\anime_site\anime_svr\node_modules\express\lib\router\index.js:317:13)
    at D:\anime_site\anime_svr\node_modules\express\lib\router\index.js:284:7
    at Function.process_params (D:\anime_site\anime_svr\node_modules\express\lib\router\index.js:335:12)
    at next (D:\anime_site\anime_svr\node_modules\express\lib\router\index.js:275:10)
    at SendStream.error (D:\anime_site\anime_svr\node_modules\serve-static\index.js:121:7)
    at SendStream.emit (events.js:311:20)
    at SendStream.error (D:\anime_site\anime_svr\node_modules\send\index.js:270:17)
    at SendStream.onStatError (D:\anime_site\anime_svr\node_modules\send\index.js:421:12)
    at next (D:\anime_site\anime_svr\node_modules\send\index.js:735:16)
    at onstat (D:\anime_site\anime_svr\node_modules\send\index.js:724:14)
    at FSReqCallback.oncomplete (fs.js:166:21)
[2020-02-23T05:21:13.198] [ERROR] ANIME - ReferenceError: db_hm is not defined
    at getUser (D:\anime_site\anime_svr\controller\user\get.js:13:35)
    at Layer.handle [as handle_request] (D:\anime_site\anime_svr\node_modules\express\lib\router\layer.js:95:5)
    at next (D:\anime_site\anime_svr\node_modules\express\lib\router\route.js:137:13)
    at Route.dispatch (D:\anime_site\anime_svr\node_modules\express\lib\router\route.js:112:3)
    at Layer.handle [as handle_request] (D:\anime_site\anime_svr\node_modules\express\lib\router\layer.js:95:5)
    at D:\anime_site\anime_svr\node_modules\express\lib\router\index.js:281:22
    at Function.process_params (D:\anime_site\anime_svr\node_modules\express\lib\router\index.js:335:12)
    at next (D:\anime_site\anime_svr\node_modules\express\lib\router\index.js:275:10)
    at Function.handle (D:\anime_site\anime_svr\node_modules\express\lib\router\index.js:174:3)
    at router (D:\anime_site\anime_svr\node_modules\express\lib\router\index.js:47:12)
    at Layer.handle [as handle_request] (D:\anime_site\anime_svr\node_modules\express\lib\router\layer.js:95:5)
    at trim_prefix (D:\anime_site\anime_svr\node_modules\express\lib\router\index.js:317:13)
    at D:\anime_site\anime_svr\node_modules\express\lib\router\index.js:284:7
    at Function.process_params (D:\anime_site\anime_svr\node_modules\express\lib\router\index.js:335:12)
    at next (D:\anime_site\anime_svr\node_modules\express\lib\router\index.js:275:10)
    at SendStream.error (D:\anime_site\anime_svr\node_modules\serve-static\index.js:121:7)
    at SendStream.emit (events.js:311:20)
    at SendStream.error (D:\anime_site\anime_svr\node_modules\send\index.js:270:17)
    at SendStream.onStatError (D:\anime_site\anime_svr\node_modules\send\index.js:421:12)
    at next (D:\anime_site\anime_svr\node_modules\send\index.js:735:16)
    at onstat (D:\anime_site\anime_svr\node_modules\send\index.js:724:14)
    at FSReqCallback.oncomplete (fs.js:166:21)
[2020-02-23T05:21:24.485] [ERROR] ANIME - SequelizeDatabaseError: No database selected
    at Query.formatError (D:\anime_site\anime_svr\node_modules\sequelize\lib\dialects\mysql\query.js:244:16)
    at Query.handler [as onResult] (D:\anime_site\anime_svr\node_modules\sequelize\lib\dialects\mysql\query.js:51:23)
    at Query.execute (D:\anime_site\anime_svr\node_modules\mysql2\lib\commands\command.js:30:14)
    at Connection.handlePacket (D:\anime_site\anime_svr\node_modules\mysql2\lib\connection.js:417:32)
    at PacketParser.onPacket (D:\anime_site\anime_svr\node_modules\mysql2\lib\connection.js:75:12)
    at PacketParser.executeStart (D:\anime_site\anime_svr\node_modules\mysql2\lib\packet_parser.js:75:16)
    at Socket.<anonymous> (D:\anime_site\anime_svr\node_modules\mysql2\lib\connection.js:82:25)
    at Socket.emit (events.js:311:20)
    at addChunk (_stream_readable.js:294:12)
    at readableAddChunk (_stream_readable.js:275:11)
    at Socket.Readable.push (_stream_readable.js:209:10)
    at TCP.onStreamRead (internal/stream_base_commons.js:186:23)
[2020-02-23T05:21:25.603] [ERROR] ANIME - SequelizeDatabaseError: No database selected
    at Query.formatError (D:\anime_site\anime_svr\node_modules\sequelize\lib\dialects\mysql\query.js:244:16)
    at Query.handler [as onResult] (D:\anime_site\anime_svr\node_modules\sequelize\lib\dialects\mysql\query.js:51:23)
    at Query.execute (D:\anime_site\anime_svr\node_modules\mysql2\lib\commands\command.js:30:14)
    at Connection.handlePacket (D:\anime_site\anime_svr\node_modules\mysql2\lib\connection.js:417:32)
    at PacketParser.onPacket (D:\anime_site\anime_svr\node_modules\mysql2\lib\connection.js:75:12)
    at PacketParser.executeStart (D:\anime_site\anime_svr\node_modules\mysql2\lib\packet_parser.js:75:16)
    at Socket.<anonymous> (D:\anime_site\anime_svr\node_modules\mysql2\lib\connection.js:82:25)
    at Socket.emit (events.js:311:20)
    at addChunk (_stream_readable.js:294:12)
    at readableAddChunk (_stream_readable.js:275:11)
    at Socket.Readable.push (_stream_readable.js:209:10)
    at TCP.onStreamRead (internal/stream_base_commons.js:186:23)
[2020-02-23T05:21:25.913] [ERROR] ANIME - SequelizeDatabaseError: No database selected
    at Query.formatError (D:\anime_site\anime_svr\node_modules\sequelize\lib\dialects\mysql\query.js:244:16)
    at Query.handler [as onResult] (D:\anime_site\anime_svr\node_modules\sequelize\lib\dialects\mysql\query.js:51:23)
    at Query.execute (D:\anime_site\anime_svr\node_modules\mysql2\lib\commands\command.js:30:14)
    at Connection.handlePacket (D:\anime_site\anime_svr\node_modules\mysql2\lib\connection.js:417:32)
    at PacketParser.onPacket (D:\anime_site\anime_svr\node_modules\mysql2\lib\connection.js:75:12)
    at PacketParser.executeStart (D:\anime_site\anime_svr\node_modules\mysql2\lib\packet_parser.js:75:16)
    at Socket.<anonymous> (D:\anime_site\anime_svr\node_modules\mysql2\lib\connection.js:82:25)
    at Socket.emit (events.js:311:20)
    at addChunk (_stream_readable.js:294:12)
    at readableAddChunk (_stream_readable.js:275:11)
    at Socket.Readable.push (_stream_readable.js:209:10)
    at TCP.onStreamRead (internal/stream_base_commons.js:186:23)
